2025-12-28 12:47:26 DEBUG PackageRelationshipCollection:307 - Parsing relationship: /xl/_rels/workbook.xml.rels
2025-12-28 12:47:26 DEBUG PackageRelationshipCollection:307 - Parsing relationship: /_rels/.rels
2025-12-28 12:47:27 TRACE XBeanDebug:199 - Loading type system org.apache.poi.schemas.ooxml.system.ooxml
2025-12-28 12:47:27 TRACE XBeanDebug:199 - Loading type system org.apache.xmlbeans.metadata.system.sXMLCONFIG
2025-12-28 12:47:27 TRACE XBeanDebug:199 - Loading type system org.apache.xmlbeans.metadata.system.sXMLLANG
2025-12-28 12:47:27 TRACE XBeanDebug:199 - Loading type system org.apache.xmlbeans.metadata.system.sXMLSCHEMA
2025-12-28 12:47:27 TRACE XBeanDebug:199 - Loading type system org.apache.xmlbeans.metadata.system.sXMLTOOLS
2025-12-28 12:47:27 TRACE XBeanDebug:237 - Reading unresolved handles for type system org.apache.xmlbeans.metadata.system.sXMLTOOLS
2025-12-28 12:47:27 TRACE XBeanDebug:209 - Finished loading type system org.apache.xmlbeans.metadata.system.sXMLTOOLS
2025-12-28 12:47:27 TRACE XBeanDebug:237 - Reading unresolved handles for type system org.apache.xmlbeans.metadata.system.sXMLSCHEMA
2025-12-28 12:47:27 TRACE XBeanDebug:209 - Finished loading type system org.apache.xmlbeans.metadata.system.sXMLSCHEMA
2025-12-28 12:47:27 TRACE XBeanDebug:237 - Reading unresolved handles for type system org.apache.xmlbeans.metadata.system.sXMLLANG
2025-12-28 12:47:27 TRACE XBeanDebug:209 - Finished loading type system org.apache.xmlbeans.metadata.system.sXMLLANG
2025-12-28 12:47:27 TRACE XBeanDebug:237 - Reading unresolved handles for type system org.apache.xmlbeans.metadata.system.sXMLCONFIG
2025-12-28 12:47:27 TRACE XBeanDebug:209 - Finished loading type system org.apache.xmlbeans.metadata.system.sXMLCONFIG
2025-12-28 12:47:27 TRACE XBeanDebug:237 - Reading unresolved handles for type system org.apache.poi.schemas.ooxml.system.ooxml
2025-12-28 12:47:27 TRACE XBeanDebug:209 - Finished loading type system org.apache.poi.schemas.ooxml.system.ooxml
2025-12-28 12:47:27 TRACE XBeanDebug:946 - Resolving type for handle themefd26doctype
2025-12-28 12:47:27 TRACE XBeanDebug:946 - Resolving type for handle stylesheet5d8bdoctype
2025-12-28 12:47:27 TRACE XBeanDebug:946 - Resolving type for handle ctstylesheet4257type
2025-12-28 12:47:27 TRACE XBeanDebug:946 - Resolving type for handle ctfonts6623type
2025-12-28 12:47:27 TRACE XBeanDebug:946 - Resolving type for handle ctfont14d8type
2025-12-28 12:47:27 TRACE XBeanDebug:946 - Resolving type for handle ctfills2c6ftype
2025-12-28 12:47:27 TRACE XBeanDebug:946 - Resolving type for handle ctfill550ctype
2025-12-28 12:47:27 TRACE XBeanDebug:946 - Resolving type for handle ctborders0d66type
2025-12-28 12:47:27 TRACE XBeanDebug:946 - Resolving type for handle ctborderf935type
2025-12-28 12:47:27 TRACE XBeanDebug:946 - Resolving type for handle ctcellxfs1322type
2025-12-28 12:47:27 TRACE XBeanDebug:946 - Resolving type for handle ctxf97f7type
2025-12-28 12:47:27 TRACE XBeanDebug:946 - Resolving type for handle ctcellstylexfsa81ftype
2025-12-28 12:47:27 TRACE XBeanDebug:946 - Resolving type for handle ctdxfsb26atype
2025-12-28 12:47:27 TRACE XBeanDebug:946 - Resolving type for handle cttablestyles872ftype
2025-12-28 12:47:27 TRACE XBeanDebug:946 - Resolving type for handle sstf81fdoctype
2025-12-28 12:47:27 TRACE XBeanDebug:946 - Resolving type for handle ctsst44f3type
2025-12-28 12:47:27 TRACE XBeanDebug:946 - Resolving type for handle ctrsta472type
2025-12-28 12:47:27 TRACE XBeanDebug:946 - Resolving type for handle workbookec17doctype
2025-12-28 12:47:27 TRACE XBeanDebug:946 - Resolving type for handle ctworkbook83c3type
2025-12-28 12:47:27 TRACE XBeanDebug:946 - Resolving type for handle ctsheets49fdtype
2025-12-28 12:47:27 TRACE XBeanDebug:946 - Resolving type for handle ctsheet4dbetype
2025-12-28 12:47:27 TRACE XBeanDebug:946 - Resolving type for handle strelationshipid1e94type
2025-12-28 12:47:27 TRACE XBeanDebug:946 - Resolving type for handle worksheetf539doctype
2025-12-28 12:47:27 TRACE XBeanDebug:946 - Resolving type for handle ctworksheet530dtype
2025-12-28 12:47:27 TRACE XBeanDebug:946 - Resolving type for handle ctcols627ctype
2025-12-28 12:47:27 TRACE XBeanDebug:946 - Resolving type for handle ctcola95ftype
2025-12-28 12:47:27 TRACE XBeanDebug:946 - Resolving type for handle ctsheetdata8408type
2025-12-28 12:47:27 TRACE XBeanDebug:946 - Resolving type for handle ctrowdd39type
2025-12-28 12:47:27 TRACE XBeanDebug:946 - Resolving type for handle ctcell842btype
2025-12-28 12:47:27 TRACE XBeanDebug:946 - Resolving type for handle stcellrefe4e0type
2025-12-28 12:49:51 DEBUG PackageRelationshipCollection:307 - Parsing relationship: /xl/_rels/workbook.xml.rels
2025-12-28 12:49:51 DEBUG PackageRelationshipCollection:307 - Parsing relationship: /_rels/.rels
2025-12-28 12:49:51 TRACE XBeanDebug:199 - Loading type system org.apache.poi.schemas.ooxml.system.ooxml
2025-12-28 12:49:51 TRACE XBeanDebug:199 - Loading type system org.apache.xmlbeans.metadata.system.sXMLCONFIG
2025-12-28 12:49:51 TRACE XBeanDebug:199 - Loading type system org.apache.xmlbeans.metadata.system.sXMLLANG
2025-12-28 12:49:51 TRACE XBeanDebug:199 - Loading type system org.apache.xmlbeans.metadata.system.sXMLSCHEMA
2025-12-28 12:49:51 TRACE XBeanDebug:199 - Loading type system org.apache.xmlbeans.metadata.system.sXMLTOOLS
2025-12-28 12:49:51 TRACE XBeanDebug:237 - Reading unresolved handles for type system org.apache.xmlbeans.metadata.system.sXMLTOOLS
2025-12-28 12:49:51 TRACE XBeanDebug:209 - Finished loading type system org.apache.xmlbeans.metadata.system.sXMLTOOLS
2025-12-28 12:49:51 TRACE XBeanDebug:237 - Reading unresolved handles for type system org.apache.xmlbeans.metadata.system.sXMLSCHEMA
2025-12-28 12:49:51 TRACE XBeanDebug:209 - Finished loading type system org.apache.xmlbeans.metadata.system.sXMLSCHEMA
2025-12-28 12:49:51 TRACE XBeanDebug:237 - Reading unresolved handles for type system org.apache.xmlbeans.metadata.system.sXMLLANG
2025-12-28 12:49:51 TRACE XBeanDebug:209 - Finished loading type system org.apache.xmlbeans.metadata.system.sXMLLANG
2025-12-28 12:49:51 TRACE XBeanDebug:237 - Reading unresolved handles for type system org.apache.xmlbeans.metadata.system.sXMLCONFIG
2025-12-28 12:49:51 TRACE XBeanDebug:209 - Finished loading type system org.apache.xmlbeans.metadata.system.sXMLCONFIG
2025-12-28 12:49:51 TRACE XBeanDebug:237 - Reading unresolved handles for type system org.apache.poi.schemas.ooxml.system.ooxml
2025-12-28 12:49:51 TRACE XBeanDebug:209 - Finished loading type system org.apache.poi.schemas.ooxml.system.ooxml
2025-12-28 12:49:51 TRACE XBeanDebug:946 - Resolving type for handle themefd26doctype
2025-12-28 12:49:51 TRACE XBeanDebug:946 - Resolving type for handle stylesheet5d8bdoctype
2025-12-28 12:49:51 TRACE XBeanDebug:946 - Resolving type for handle ctstylesheet4257type
2025-12-28 12:49:51 TRACE XBeanDebug:946 - Resolving type for handle ctfonts6623type
2025-12-28 12:49:51 TRACE XBeanDebug:946 - Resolving type for handle ctfont14d8type
2025-12-28 12:49:51 TRACE XBeanDebug:946 - Resolving type for handle ctfills2c6ftype
2025-12-28 12:49:51 TRACE XBeanDebug:946 - Resolving type for handle ctfill550ctype
2025-12-28 12:49:51 TRACE XBeanDebug:946 - Resolving type for handle ctborders0d66type
2025-12-28 12:49:51 TRACE XBeanDebug:946 - Resolving type for handle ctborderf935type
2025-12-28 12:49:51 TRACE XBeanDebug:946 - Resolving type for handle ctcellxfs1322type
2025-12-28 12:49:51 TRACE XBeanDebug:946 - Resolving type for handle ctxf97f7type
2025-12-28 12:49:51 TRACE XBeanDebug:946 - Resolving type for handle ctcellstylexfsa81ftype
2025-12-28 12:49:51 TRACE XBeanDebug:946 - Resolving type for handle ctdxfsb26atype
2025-12-28 12:49:51 TRACE XBeanDebug:946 - Resolving type for handle cttablestyles872ftype
2025-12-28 12:49:51 TRACE XBeanDebug:946 - Resolving type for handle sstf81fdoctype
2025-12-28 12:49:51 TRACE XBeanDebug:946 - Resolving type for handle ctsst44f3type
2025-12-28 12:49:51 TRACE XBeanDebug:946 - Resolving type for handle ctrsta472type
2025-12-28 12:49:52 TRACE XBeanDebug:946 - Resolving type for handle workbookec17doctype
2025-12-28 12:49:52 TRACE XBeanDebug:946 - Resolving type for handle ctworkbook83c3type
2025-12-28 12:49:52 TRACE XBeanDebug:946 - Resolving type for handle ctsheets49fdtype
2025-12-28 12:49:52 TRACE XBeanDebug:946 - Resolving type for handle ctsheet4dbetype
2025-12-28 12:49:52 TRACE XBeanDebug:946 - Resolving type for handle strelationshipid1e94type
2025-12-28 12:49:52 TRACE XBeanDebug:946 - Resolving type for handle worksheetf539doctype
2025-12-28 12:49:52 TRACE XBeanDebug:946 - Resolving type for handle ctworksheet530dtype
2025-12-28 12:49:52 TRACE XBeanDebug:946 - Resolving type for handle ctcols627ctype
2025-12-28 12:49:52 TRACE XBeanDebug:946 - Resolving type for handle ctcola95ftype
2025-12-28 12:49:52 TRACE XBeanDebug:946 - Resolving type for handle ctsheetdata8408type
2025-12-28 12:49:52 TRACE XBeanDebug:946 - Resolving type for handle ctrowdd39type
2025-12-28 12:49:52 TRACE XBeanDebug:946 - Resolving type for handle ctcell842btype
2025-12-28 12:49:52 TRACE XBeanDebug:946 - Resolving type for handle stcellrefe4e0type
2025-12-28 12:58:49 DEBUG PackageRelationshipCollection:307 - Parsing relationship: /xl/_rels/workbook.xml.rels
2025-12-28 12:58:49 DEBUG PackageRelationshipCollection:307 - Parsing relationship: /_rels/.rels
2025-12-28 12:58:49 TRACE XBeanDebug:199 - Loading type system org.apache.poi.schemas.ooxml.system.ooxml
2025-12-28 12:58:49 TRACE XBeanDebug:199 - Loading type system org.apache.xmlbeans.metadata.system.sXMLCONFIG
2025-12-28 12:58:49 TRACE XBeanDebug:199 - Loading type system org.apache.xmlbeans.metadata.system.sXMLLANG
2025-12-28 12:58:49 TRACE XBeanDebug:199 - Loading type system org.apache.xmlbeans.metadata.system.sXMLSCHEMA
2025-12-28 12:58:49 TRACE XBeanDebug:199 - Loading type system org.apache.xmlbeans.metadata.system.sXMLTOOLS
2025-12-28 12:58:49 TRACE XBeanDebug:237 - Reading unresolved handles for type system org.apache.xmlbeans.metadata.system.sXMLTOOLS
2025-12-28 12:58:49 TRACE XBeanDebug:209 - Finished loading type system org.apache.xmlbeans.metadata.system.sXMLTOOLS
2025-12-28 12:58:49 TRACE XBeanDebug:237 - Reading unresolved handles for type system org.apache.xmlbeans.metadata.system.sXMLSCHEMA
2025-12-28 12:58:49 TRACE XBeanDebug:209 - Finished loading type system org.apache.xmlbeans.metadata.system.sXMLSCHEMA
2025-12-28 12:58:49 TRACE XBeanDebug:237 - Reading unresolved handles for type system org.apache.xmlbeans.metadata.system.sXMLLANG
2025-12-28 12:58:49 TRACE XBeanDebug:209 - Finished loading type system org.apache.xmlbeans.metadata.system.sXMLLANG
2025-12-28 12:58:49 TRACE XBeanDebug:237 - Reading unresolved handles for type system org.apache.xmlbeans.metadata.system.sXMLCONFIG
2025-12-28 12:58:49 TRACE XBeanDebug:209 - Finished loading type system org.apache.xmlbeans.metadata.system.sXMLCONFIG
2025-12-28 12:58:49 TRACE XBeanDebug:237 - Reading unresolved handles for type system org.apache.poi.schemas.ooxml.system.ooxml
2025-12-28 12:58:49 TRACE XBeanDebug:209 - Finished loading type system org.apache.poi.schemas.ooxml.system.ooxml
2025-12-28 12:58:49 TRACE XBeanDebug:946 - Resolving type for handle themefd26doctype
2025-12-28 12:58:49 TRACE XBeanDebug:946 - Resolving type for handle stylesheet5d8bdoctype
2025-12-28 12:58:49 TRACE XBeanDebug:946 - Resolving type for handle ctstylesheet4257type
2025-12-28 12:58:49 TRACE XBeanDebug:946 - Resolving type for handle ctfonts6623type
2025-12-28 12:58:49 TRACE XBeanDebug:946 - Resolving type for handle ctfont14d8type
2025-12-28 12:58:49 TRACE XBeanDebug:946 - Resolving type for handle ctfills2c6ftype
2025-12-28 12:58:49 TRACE XBeanDebug:946 - Resolving type for handle ctfill550ctype
2025-12-28 12:58:49 TRACE XBeanDebug:946 - Resolving type for handle ctborders0d66type
2025-12-28 12:58:49 TRACE XBeanDebug:946 - Resolving type for handle ctborderf935type
2025-12-28 12:58:49 TRACE XBeanDebug:946 - Resolving type for handle ctcellxfs1322type
2025-12-28 12:58:49 TRACE XBeanDebug:946 - Resolving type for handle ctxf97f7type
2025-12-28 12:58:49 TRACE XBeanDebug:946 - Resolving type for handle ctcellstylexfsa81ftype
2025-12-28 12:58:49 TRACE XBeanDebug:946 - Resolving type for handle ctdxfsb26atype
2025-12-28 12:58:49 TRACE XBeanDebug:946 - Resolving type for handle cttablestyles872ftype
2025-12-28 12:58:49 TRACE XBeanDebug:946 - Resolving type for handle sstf81fdoctype
2025-12-28 12:58:49 TRACE XBeanDebug:946 - Resolving type for handle ctsst44f3type
2025-12-28 12:58:50 TRACE XBeanDebug:946 - Resolving type for handle ctrsta472type
2025-12-28 12:58:50 TRACE XBeanDebug:946 - Resolving type for handle workbookec17doctype
2025-12-28 12:58:50 TRACE XBeanDebug:946 - Resolving type for handle ctworkbook83c3type
2025-12-28 12:58:50 TRACE XBeanDebug:946 - Resolving type for handle ctsheets49fdtype
2025-12-28 12:58:50 TRACE XBeanDebug:946 - Resolving type for handle ctsheet4dbetype
2025-12-28 12:58:50 TRACE XBeanDebug:946 - Resolving type for handle strelationshipid1e94type
2025-12-28 12:58:50 TRACE XBeanDebug:946 - Resolving type for handle worksheetf539doctype
2025-12-28 12:58:50 TRACE XBeanDebug:946 - Resolving type for handle ctworksheet530dtype
2025-12-28 12:58:50 TRACE XBeanDebug:946 - Resolving type for handle ctcols627ctype
2025-12-28 12:58:50 TRACE XBeanDebug:946 - Resolving type for handle ctcola95ftype
2025-12-28 12:58:50 TRACE XBeanDebug:946 - Resolving type for handle ctsheetdata8408type
2025-12-28 12:58:50 TRACE XBeanDebug:946 - Resolving type for handle ctrowdd39type
2025-12-28 12:58:50 TRACE XBeanDebug:946 - Resolving type for handle ctcell842btype
2025-12-28 12:58:50 TRACE XBeanDebug:946 - Resolving type for handle stcellrefe4e0type
2025-12-28 12:58:50 TRACE XBeanDebug:946 - Resolving type for handle stcelltypebf95type
2025-12-28 12:58:50 TRACE XBeanDebug:946 - Resolving type for handle stxstringf179type
2025-12-28 13:01:50 DEBUG PackageRelationshipCollection:307 - Parsing relationship: /xl/_rels/workbook.xml.rels
2025-12-28 13:01:50 DEBUG PackageRelationshipCollection:307 - Parsing relationship: /_rels/.rels
2025-12-28 13:01:50 TRACE XBeanDebug:199 - Loading type system org.apache.poi.schemas.ooxml.system.ooxml
2025-12-28 13:01:50 TRACE XBeanDebug:199 - Loading type system org.apache.xmlbeans.metadata.system.sXMLCONFIG
2025-12-28 13:01:50 TRACE XBeanDebug:199 - Loading type system org.apache.xmlbeans.metadata.system.sXMLLANG
2025-12-28 13:01:50 TRACE XBeanDebug:199 - Loading type system org.apache.xmlbeans.metadata.system.sXMLSCHEMA
2025-12-28 13:01:50 TRACE XBeanDebug:199 - Loading type system org.apache.xmlbeans.metadata.system.sXMLTOOLS
2025-12-28 13:01:50 TRACE XBeanDebug:237 - Reading unresolved handles for type system org.apache.xmlbeans.metadata.system.sXMLTOOLS
2025-12-28 13:01:50 TRACE XBeanDebug:209 - Finished loading type system org.apache.xmlbeans.metadata.system.sXMLTOOLS
2025-12-28 13:01:50 TRACE XBeanDebug:237 - Reading unresolved handles for type system org.apache.xmlbeans.metadata.system.sXMLSCHEMA
2025-12-28 13:01:50 TRACE XBeanDebug:209 - Finished loading type system org.apache.xmlbeans.metadata.system.sXMLSCHEMA
2025-12-28 13:01:50 TRACE XBeanDebug:237 - Reading unresolved handles for type system org.apache.xmlbeans.metadata.system.sXMLLANG
2025-12-28 13:01:50 TRACE XBeanDebug:209 - Finished loading type system org.apache.xmlbeans.metadata.system.sXMLLANG
2025-12-28 13:01:50 TRACE XBeanDebug:237 - Reading unresolved handles for type system org.apache.xmlbeans.metadata.system.sXMLCONFIG
2025-12-28 13:01:50 TRACE XBeanDebug:209 - Finished loading type system org.apache.xmlbeans.metadata.system.sXMLCONFIG
2025-12-28 13:01:50 TRACE XBeanDebug:237 - Reading unresolved handles for type system org.apache.poi.schemas.ooxml.system.ooxml
2025-12-28 13:01:51 TRACE XBeanDebug:209 - Finished loading type system org.apache.poi.schemas.ooxml.system.ooxml
2025-12-28 13:01:51 TRACE XBeanDebug:946 - Resolving type for handle themefd26doctype
2025-12-28 13:01:51 TRACE XBeanDebug:946 - Resolving type for handle stylesheet5d8bdoctype
2025-12-28 13:01:51 TRACE XBeanDebug:946 - Resolving type for handle ctstylesheet4257type
2025-12-28 13:01:51 TRACE XBeanDebug:946 - Resolving type for handle ctfonts6623type
2025-12-28 13:01:51 TRACE XBeanDebug:946 - Resolving type for handle ctfont14d8type
2025-12-28 13:01:51 TRACE XBeanDebug:946 - Resolving type for handle ctfills2c6ftype
2025-12-28 13:01:51 TRACE XBeanDebug:946 - Resolving type for handle ctfill550ctype
2025-12-28 13:01:51 TRACE XBeanDebug:946 - Resolving type for handle ctborders0d66type
2025-12-28 13:01:51 TRACE XBeanDebug:946 - Resolving type for handle ctborderf935type
2025-12-28 13:01:51 TRACE XBeanDebug:946 - Resolving type for handle ctcellxfs1322type
2025-12-28 13:01:51 TRACE XBeanDebug:946 - Resolving type for handle ctxf97f7type
2025-12-28 13:01:51 TRACE XBeanDebug:946 - Resolving type for handle ctcellstylexfsa81ftype
2025-12-28 13:01:51 TRACE XBeanDebug:946 - Resolving type for handle ctdxfsb26atype
2025-12-28 13:01:51 TRACE XBeanDebug:946 - Resolving type for handle cttablestyles872ftype
2025-12-28 13:01:51 TRACE XBeanDebug:946 - Resolving type for handle sstf81fdoctype
2025-12-28 13:01:51 TRACE XBeanDebug:946 - Resolving type for handle ctsst44f3type
2025-12-28 13:01:51 TRACE XBeanDebug:946 - Resolving type for handle ctrsta472type
2025-12-28 13:01:51 TRACE XBeanDebug:946 - Resolving type for handle workbookec17doctype
2025-12-28 13:01:51 TRACE XBeanDebug:946 - Resolving type for handle ctworkbook83c3type
2025-12-28 13:01:51 TRACE XBeanDebug:946 - Resolving type for handle ctsheets49fdtype
2025-12-28 13:01:51 TRACE XBeanDebug:946 - Resolving type for handle ctsheet4dbetype
2025-12-28 13:01:51 TRACE XBeanDebug:946 - Resolving type for handle strelationshipid1e94type
2025-12-28 13:01:51 TRACE XBeanDebug:946 - Resolving type for handle worksheetf539doctype
2025-12-28 13:01:51 TRACE XBeanDebug:946 - Resolving type for handle ctworksheet530dtype
2025-12-28 13:01:51 TRACE XBeanDebug:946 - Resolving type for handle ctcols627ctype
2025-12-28 13:01:51 TRACE XBeanDebug:946 - Resolving type for handle ctcola95ftype
2025-12-28 13:01:51 TRACE XBeanDebug:946 - Resolving type for handle ctsheetdata8408type
2025-12-28 13:01:51 TRACE XBeanDebug:946 - Resolving type for handle ctrowdd39type
2025-12-28 13:01:51 TRACE XBeanDebug:946 - Resolving type for handle ctcell842btype
2025-12-28 13:01:51 TRACE XBeanDebug:946 - Resolving type for handle stcellrefe4e0type
2025-12-28 13:01:51 TRACE XBeanDebug:946 - Resolving type for handle stcelltypebf95type
2025-12-28 13:01:51 TRACE XBeanDebug:946 - Resolving type for handle stxstringf179type
2025-12-28 13:03:21 DEBUG PackageRelationshipCollection:307 - Parsing relationship: /xl/_rels/workbook.xml.rels
2025-12-28 13:03:21 DEBUG PackageRelationshipCollection:307 - Parsing relationship: /_rels/.rels
2025-12-28 13:03:21 TRACE XBeanDebug:199 - Loading type system org.apache.poi.schemas.ooxml.system.ooxml
2025-12-28 13:03:21 TRACE XBeanDebug:199 - Loading type system org.apache.xmlbeans.metadata.system.sXMLCONFIG
2025-12-28 13:03:21 TRACE XBeanDebug:199 - Loading type system org.apache.xmlbeans.metadata.system.sXMLLANG
2025-12-28 13:03:21 TRACE XBeanDebug:199 - Loading type system org.apache.xmlbeans.metadata.system.sXMLSCHEMA
2025-12-28 13:03:21 TRACE XBeanDebug:199 - Loading type system org.apache.xmlbeans.metadata.system.sXMLTOOLS
2025-12-28 13:03:21 TRACE XBeanDebug:237 - Reading unresolved handles for type system org.apache.xmlbeans.metadata.system.sXMLTOOLS
2025-12-28 13:03:21 TRACE XBeanDebug:209 - Finished loading type system org.apache.xmlbeans.metadata.system.sXMLTOOLS
2025-12-28 13:03:21 TRACE XBeanDebug:237 - Reading unresolved handles for type system org.apache.xmlbeans.metadata.system.sXMLSCHEMA
2025-12-28 13:03:21 TRACE XBeanDebug:209 - Finished loading type system org.apache.xmlbeans.metadata.system.sXMLSCHEMA
2025-12-28 13:03:21 TRACE XBeanDebug:237 - Reading unresolved handles for type system org.apache.xmlbeans.metadata.system.sXMLLANG
2025-12-28 13:03:21 TRACE XBeanDebug:209 - Finished loading type system org.apache.xmlbeans.metadata.system.sXMLLANG
2025-12-28 13:03:21 TRACE XBeanDebug:237 - Reading unresolved handles for type system org.apache.xmlbeans.metadata.system.sXMLCONFIG
2025-12-28 13:03:21 TRACE XBeanDebug:209 - Finished loading type system org.apache.xmlbeans.metadata.system.sXMLCONFIG
2025-12-28 13:03:21 TRACE XBeanDebug:237 - Reading unresolved handles for type system org.apache.poi.schemas.ooxml.system.ooxml
2025-12-28 13:03:21 TRACE XBeanDebug:209 - Finished loading type system org.apache.poi.schemas.ooxml.system.ooxml
2025-12-28 13:03:21 TRACE XBeanDebug:946 - Resolving type for handle themefd26doctype
2025-12-28 13:03:22 TRACE XBeanDebug:946 - Resolving type for handle stylesheet5d8bdoctype
2025-12-28 13:03:22 TRACE XBeanDebug:946 - Resolving type for handle ctstylesheet4257type
2025-12-28 13:03:22 TRACE XBeanDebug:946 - Resolving type for handle ctfonts6623type
2025-12-28 13:03:22 TRACE XBeanDebug:946 - Resolving type for handle ctfont14d8type
2025-12-28 13:03:22 TRACE XBeanDebug:946 - Resolving type for handle ctfills2c6ftype
2025-12-28 13:03:22 TRACE XBeanDebug:946 - Resolving type for handle ctfill550ctype
2025-12-28 13:03:22 TRACE XBeanDebug:946 - Resolving type for handle ctborders0d66type
2025-12-28 13:03:22 TRACE XBeanDebug:946 - Resolving type for handle ctborderf935type
2025-12-28 13:03:22 TRACE XBeanDebug:946 - Resolving type for handle ctcellxfs1322type
2025-12-28 13:03:22 TRACE XBeanDebug:946 - Resolving type for handle ctxf97f7type
2025-12-28 13:03:22 TRACE XBeanDebug:946 - Resolving type for handle ctcellstylexfsa81ftype
2025-12-28 13:03:22 TRACE XBeanDebug:946 - Resolving type for handle ctdxfsb26atype
2025-12-28 13:03:22 TRACE XBeanDebug:946 - Resolving type for handle cttablestyles872ftype
2025-12-28 13:03:22 TRACE XBeanDebug:946 - Resolving type for handle sstf81fdoctype
2025-12-28 13:03:22 TRACE XBeanDebug:946 - Resolving type for handle ctsst44f3type
2025-12-28 13:03:22 TRACE XBeanDebug:946 - Resolving type for handle ctrsta472type
2025-12-28 13:03:22 TRACE XBeanDebug:946 - Resolving type for handle workbookec17doctype
2025-12-28 13:03:22 TRACE XBeanDebug:946 - Resolving type for handle ctworkbook83c3type
2025-12-28 13:03:22 TRACE XBeanDebug:946 - Resolving type for handle ctsheets49fdtype
2025-12-28 13:03:22 TRACE XBeanDebug:946 - Resolving type for handle ctsheet4dbetype
2025-12-28 13:03:22 TRACE XBeanDebug:946 - Resolving type for handle strelationshipid1e94type
2025-12-28 13:03:22 TRACE XBeanDebug:946 - Resolving type for handle worksheetf539doctype
2025-12-28 13:03:22 TRACE XBeanDebug:946 - Resolving type for handle ctworksheet530dtype
2025-12-28 13:03:22 TRACE XBeanDebug:946 - Resolving type for handle ctcols627ctype
2025-12-28 13:03:22 TRACE XBeanDebug:946 - Resolving type for handle ctcola95ftype
2025-12-28 13:03:22 TRACE XBeanDebug:946 - Resolving type for handle ctsheetdata8408type
2025-12-28 13:03:22 TRACE XBeanDebug:946 - Resolving type for handle ctrowdd39type
2025-12-28 13:03:22 TRACE XBeanDebug:946 - Resolving type for handle ctcell842btype
2025-12-28 13:03:22 TRACE XBeanDebug:946 - Resolving type for handle stcellrefe4e0type
2025-12-28 13:03:22 TRACE XBeanDebug:946 - Resolving type for handle stcelltypebf95type
2025-12-28 13:03:22 TRACE XBeanDebug:946 - Resolving type for handle stxstringf179type
2025-12-28 13:13:12 DEBUG PackageRelationshipCollection:307 - Parsing relationship: /xl/_rels/workbook.xml.rels
2025-12-28 13:13:12 DEBUG PackageRelationshipCollection:307 - Parsing relationship: /_rels/.rels
2025-12-28 13:13:12 TRACE XBeanDebug:199 - Loading type system org.apache.poi.schemas.ooxml.system.ooxml
2025-12-28 13:13:12 TRACE XBeanDebug:199 - Loading type system org.apache.xmlbeans.metadata.system.sXMLCONFIG
2025-12-28 13:13:12 TRACE XBeanDebug:199 - Loading type system org.apache.xmlbeans.metadata.system.sXMLLANG
2025-12-28 13:13:12 TRACE XBeanDebug:199 - Loading type system org.apache.xmlbeans.metadata.system.sXMLSCHEMA
2025-12-28 13:13:12 TRACE XBeanDebug:199 - Loading type system org.apache.xmlbeans.metadata.system.sXMLTOOLS
2025-12-28 13:13:12 TRACE XBeanDebug:237 - Reading unresolved handles for type system org.apache.xmlbeans.metadata.system.sXMLTOOLS
2025-12-28 13:13:12 TRACE XBeanDebug:209 - Finished loading type system org.apache.xmlbeans.metadata.system.sXMLTOOLS
2025-12-28 13:13:12 TRACE XBeanDebug:237 - Reading unresolved handles for type system org.apache.xmlbeans.metadata.system.sXMLSCHEMA
2025-12-28 13:13:12 TRACE XBeanDebug:209 - Finished loading type system org.apache.xmlbeans.metadata.system.sXMLSCHEMA
2025-12-28 13:13:12 TRACE XBeanDebug:237 - Reading unresolved handles for type system org.apache.xmlbeans.metadata.system.sXMLLANG
2025-12-28 13:13:12 TRACE XBeanDebug:209 - Finished loading type system org.apache.xmlbeans.metadata.system.sXMLLANG
2025-12-28 13:13:12 TRACE XBeanDebug:237 - Reading unresolved handles for type system org.apache.xmlbeans.metadata.system.sXMLCONFIG
2025-12-28 13:13:12 TRACE XBeanDebug:209 - Finished loading type system org.apache.xmlbeans.metadata.system.sXMLCONFIG
2025-12-28 13:13:12 TRACE XBeanDebug:237 - Reading unresolved handles for type system org.apache.poi.schemas.ooxml.system.ooxml
2025-12-28 13:13:13 TRACE XBeanDebug:209 - Finished loading type system org.apache.poi.schemas.ooxml.system.ooxml
2025-12-28 13:13:13 TRACE XBeanDebug:946 - Resolving type for handle themefd26doctype
2025-12-28 13:13:13 TRACE XBeanDebug:946 - Resolving type for handle stylesheet5d8bdoctype
2025-12-28 13:13:13 TRACE XBeanDebug:946 - Resolving type for handle ctstylesheet4257type
2025-12-28 13:13:13 TRACE XBeanDebug:946 - Resolving type for handle ctfonts6623type
2025-12-28 13:13:13 TRACE XBeanDebug:946 - Resolving type for handle ctfont14d8type
2025-12-28 13:13:13 TRACE XBeanDebug:946 - Resolving type for handle ctfills2c6ftype
2025-12-28 13:13:13 TRACE XBeanDebug:946 - Resolving type for handle ctfill550ctype
2025-12-28 13:13:13 TRACE XBeanDebug:946 - Resolving type for handle ctborders0d66type
2025-12-28 13:13:13 TRACE XBeanDebug:946 - Resolving type for handle ctborderf935type
2025-12-28 13:13:13 TRACE XBeanDebug:946 - Resolving type for handle ctcellxfs1322type
2025-12-28 13:13:13 TRACE XBeanDebug:946 - Resolving type for handle ctxf97f7type
2025-12-28 13:13:13 TRACE XBeanDebug:946 - Resolving type for handle ctcellstylexfsa81ftype
2025-12-28 13:13:13 TRACE XBeanDebug:946 - Resolving type for handle ctdxfsb26atype
2025-12-28 13:13:13 TRACE XBeanDebug:946 - Resolving type for handle cttablestyles872ftype
2025-12-28 13:13:13 TRACE XBeanDebug:946 - Resolving type for handle sstf81fdoctype
2025-12-28 13:13:13 TRACE XBeanDebug:946 - Resolving type for handle ctsst44f3type
2025-12-28 13:13:13 TRACE XBeanDebug:946 - Resolving type for handle ctrsta472type
2025-12-28 13:13:13 TRACE XBeanDebug:946 - Resolving type for handle workbookec17doctype
2025-12-28 13:13:13 TRACE XBeanDebug:946 - Resolving type for handle ctworkbook83c3type
2025-12-28 13:13:13 TRACE XBeanDebug:946 - Resolving type for handle ctsheets49fdtype
2025-12-28 13:13:13 TRACE XBeanDebug:946 - Resolving type for handle ctsheet4dbetype
2025-12-28 13:13:13 TRACE XBeanDebug:946 - Resolving type for handle strelationshipid1e94type
2025-12-28 13:13:13 TRACE XBeanDebug:946 - Resolving type for handle worksheetf539doctype
2025-12-28 13:13:13 TRACE XBeanDebug:946 - Resolving type for handle ctworksheet530dtype
2025-12-28 13:13:13 TRACE XBeanDebug:946 - Resolving type for handle ctcols627ctype
2025-12-28 13:13:13 TRACE XBeanDebug:946 - Resolving type for handle ctcola95ftype
2025-12-28 13:13:13 TRACE XBeanDebug:946 - Resolving type for handle ctsheetdata8408type
2025-12-28 13:13:13 TRACE XBeanDebug:946 - Resolving type for handle ctrowdd39type
2025-12-28 13:13:13 TRACE XBeanDebug:946 - Resolving type for handle ctcell842btype
2025-12-28 13:13:13 TRACE XBeanDebug:946 - Resolving type for handle stcellrefe4e0type
2025-12-28 13:13:13 TRACE XBeanDebug:946 - Resolving type for handle stcelltypebf95type
2025-12-28 13:13:13 TRACE XBeanDebug:946 - Resolving type for handle stxstringf179type
2025-12-28 14:05:57 DEBUG PackageRelationshipCollection:307 - Parsing relationship: /xl/_rels/workbook.xml.rels
2025-12-28 14:05:58 DEBUG PackageRelationshipCollection:307 - Parsing relationship: /_rels/.rels
2025-12-28 14:05:58 TRACE XBeanDebug:199 - Loading type system org.apache.poi.schemas.ooxml.system.ooxml
2025-12-28 14:05:58 TRACE XBeanDebug:199 - Loading type system org.apache.xmlbeans.metadata.system.sXMLCONFIG
2025-12-28 14:05:58 TRACE XBeanDebug:199 - Loading type system org.apache.xmlbeans.metadata.system.sXMLLANG
2025-12-28 14:05:58 TRACE XBeanDebug:199 - Loading type system org.apache.xmlbeans.metadata.system.sXMLSCHEMA
2025-12-28 14:05:58 TRACE XBeanDebug:199 - Loading type system org.apache.xmlbeans.metadata.system.sXMLTOOLS
2025-12-28 14:05:58 TRACE XBeanDebug:237 - Reading unresolved handles for type system org.apache.xmlbeans.metadata.system.sXMLTOOLS
2025-12-28 14:05:58 TRACE XBeanDebug:209 - Finished loading type system org.apache.xmlbeans.metadata.system.sXMLTOOLS
2025-12-28 14:05:58 TRACE XBeanDebug:237 - Reading unresolved handles for type system org.apache.xmlbeans.metadata.system.sXMLSCHEMA
2025-12-28 14:05:58 TRACE XBeanDebug:209 - Finished loading type system org.apache.xmlbeans.metadata.system.sXMLSCHEMA
2025-12-28 14:05:58 TRACE XBeanDebug:237 - Reading unresolved handles for type system org.apache.xmlbeans.metadata.system.sXMLLANG
2025-12-28 14:05:58 TRACE XBeanDebug:209 - Finished loading type system org.apache.xmlbeans.metadata.system.sXMLLANG
2025-12-28 14:05:58 TRACE XBeanDebug:237 - Reading unresolved handles for type system org.apache.xmlbeans.metadata.system.sXMLCONFIG
2025-12-28 14:05:58 TRACE XBeanDebug:209 - Finished loading type system org.apache.xmlbeans.metadata.system.sXMLCONFIG
2025-12-28 14:05:58 TRACE XBeanDebug:237 - Reading unresolved handles for type system org.apache.poi.schemas.ooxml.system.ooxml
2025-12-28 14:05:58 TRACE XBeanDebug:209 - Finished loading type system org.apache.poi.schemas.ooxml.system.ooxml
2025-12-28 14:05:58 TRACE XBeanDebug:946 - Resolving type for handle themefd26doctype
2025-12-28 14:05:58 TRACE XBeanDebug:946 - Resolving type for handle stylesheet5d8bdoctype
2025-12-28 14:05:58 TRACE XBeanDebug:946 - Resolving type for handle ctstylesheet4257type
2025-12-28 14:05:59 TRACE XBeanDebug:946 - Resolving type for handle ctfonts6623type
2025-12-28 14:05:59 TRACE XBeanDebug:946 - Resolving type for handle ctfont14d8type
2025-12-28 14:05:59 TRACE XBeanDebug:946 - Resolving type for handle ctfills2c6ftype
2025-12-28 14:05:59 TRACE XBeanDebug:946 - Resolving type for handle ctfill550ctype
2025-12-28 14:05:59 TRACE XBeanDebug:946 - Resolving type for handle ctborders0d66type
2025-12-28 14:05:59 TRACE XBeanDebug:946 - Resolving type for handle ctborderf935type
2025-12-28 14:05:59 TRACE XBeanDebug:946 - Resolving type for handle ctcellxfs1322type
2025-12-28 14:05:59 TRACE XBeanDebug:946 - Resolving type for handle ctxf97f7type
2025-12-28 14:05:59 TRACE XBeanDebug:946 - Resolving type for handle ctcellstylexfsa81ftype
2025-12-28 14:05:59 TRACE XBeanDebug:946 - Resolving type for handle ctdxfsb26atype
2025-12-28 14:05:59 TRACE XBeanDebug:946 - Resolving type for handle cttablestyles872ftype
2025-12-28 14:05:59 TRACE XBeanDebug:946 - Resolving type for handle sstf81fdoctype
2025-12-28 14:05:59 TRACE XBeanDebug:946 - Resolving type for handle ctsst44f3type
2025-12-28 14:05:59 TRACE XBeanDebug:946 - Resolving type for handle ctrsta472type
2025-12-28 14:05:59 TRACE XBeanDebug:946 - Resolving type for handle workbookec17doctype
2025-12-28 14:05:59 TRACE XBeanDebug:946 - Resolving type for handle ctworkbook83c3type
2025-12-28 14:05:59 TRACE XBeanDebug:946 - Resolving type for handle ctsheets49fdtype
2025-12-28 14:05:59 TRACE XBeanDebug:946 - Resolving type for handle ctsheet4dbetype
2025-12-28 14:05:59 TRACE XBeanDebug:946 - Resolving type for handle strelationshipid1e94type
2025-12-28 14:05:59 TRACE XBeanDebug:946 - Resolving type for handle worksheetf539doctype
2025-12-28 14:05:59 TRACE XBeanDebug:946 - Resolving type for handle ctworksheet530dtype
2025-12-28 14:05:59 TRACE XBeanDebug:946 - Resolving type for handle ctcols627ctype
2025-12-28 14:05:59 TRACE XBeanDebug:946 - Resolving type for handle ctcola95ftype
2025-12-28 14:05:59 TRACE XBeanDebug:946 - Resolving type for handle ctsheetdata8408type
2025-12-28 14:05:59 TRACE XBeanDebug:946 - Resolving type for handle ctrowdd39type
2025-12-28 14:05:59 TRACE XBeanDebug:946 - Resolving type for handle ctcell842btype
2025-12-28 14:05:59 TRACE XBeanDebug:946 - Resolving type for handle stcellrefe4e0type
2025-12-28 14:05:59 TRACE XBeanDebug:946 - Resolving type for handle stcelltypebf95type
2025-12-28 14:05:59 TRACE XBeanDebug:946 - Resolving type for handle stxstringf179type
2025-12-28 14:12:31 DEBUG PackageRelationshipCollection:307 - Parsing relationship: /xl/_rels/workbook.xml.rels
2025-12-28 14:12:32 DEBUG PackageRelationshipCollection:307 - Parsing relationship: /_rels/.rels
2025-12-28 14:12:32 TRACE XBeanDebug:199 - Loading type system org.apache.poi.schemas.ooxml.system.ooxml
2025-12-28 14:12:32 TRACE XBeanDebug:199 - Loading type system org.apache.xmlbeans.metadata.system.sXMLCONFIG
2025-12-28 14:12:32 TRACE XBeanDebug:199 - Loading type system org.apache.xmlbeans.metadata.system.sXMLLANG
2025-12-28 14:12:32 TRACE XBeanDebug:199 - Loading type system org.apache.xmlbeans.metadata.system.sXMLSCHEMA
2025-12-28 14:12:32 TRACE XBeanDebug:199 - Loading type system org.apache.xmlbeans.metadata.system.sXMLTOOLS
2025-12-28 14:12:32 TRACE XBeanDebug:237 - Reading unresolved handles for type system org.apache.xmlbeans.metadata.system.sXMLTOOLS
2025-12-28 14:12:32 TRACE XBeanDebug:209 - Finished loading type system org.apache.xmlbeans.metadata.system.sXMLTOOLS
2025-12-28 14:12:32 TRACE XBeanDebug:237 - Reading unresolved handles for type system org.apache.xmlbeans.metadata.system.sXMLSCHEMA
2025-12-28 14:12:32 TRACE XBeanDebug:209 - Finished loading type system org.apache.xmlbeans.metadata.system.sXMLSCHEMA
2025-12-28 14:12:32 TRACE XBeanDebug:237 - Reading unresolved handles for type system org.apache.xmlbeans.metadata.system.sXMLLANG
2025-12-28 14:12:32 TRACE XBeanDebug:209 - Finished loading type system org.apache.xmlbeans.metadata.system.sXMLLANG
2025-12-28 14:12:32 TRACE XBeanDebug:237 - Reading unresolved handles for type system org.apache.xmlbeans.metadata.system.sXMLCONFIG
2025-12-28 14:12:32 TRACE XBeanDebug:209 - Finished loading type system org.apache.xmlbeans.metadata.system.sXMLCONFIG
2025-12-28 14:12:32 TRACE XBeanDebug:237 - Reading unresolved handles for type system org.apache.poi.schemas.ooxml.system.ooxml
2025-12-28 14:12:32 TRACE XBeanDebug:209 - Finished loading type system org.apache.poi.schemas.ooxml.system.ooxml
2025-12-28 14:12:32 TRACE XBeanDebug:946 - Resolving type for handle themefd26doctype
2025-12-28 14:12:32 TRACE XBeanDebug:946 - Resolving type for handle stylesheet5d8bdoctype
2025-12-28 14:12:32 TRACE XBeanDebug:946 - Resolving type for handle ctstylesheet4257type
2025-12-28 14:12:32 TRACE XBeanDebug:946 - Resolving type for handle ctfonts6623type
2025-12-28 14:12:32 TRACE XBeanDebug:946 - Resolving type for handle ctfont14d8type
2025-12-28 14:12:32 TRACE XBeanDebug:946 - Resolving type for handle ctfills2c6ftype
2025-12-28 14:12:32 TRACE XBeanDebug:946 - Resolving type for handle ctfill550ctype
2025-12-28 14:12:32 TRACE XBeanDebug:946 - Resolving type for handle ctborders0d66type
2025-12-28 14:12:32 TRACE XBeanDebug:946 - Resolving type for handle ctborderf935type
2025-12-28 14:12:32 TRACE XBeanDebug:946 - Resolving type for handle ctcellxfs1322type
2025-12-28 14:12:32 TRACE XBeanDebug:946 - Resolving type for handle ctxf97f7type
2025-12-28 14:12:32 TRACE XBeanDebug:946 - Resolving type for handle ctcellstylexfsa81ftype
2025-12-28 14:12:32 TRACE XBeanDebug:946 - Resolving type for handle ctdxfsb26atype
2025-12-28 14:12:32 TRACE XBeanDebug:946 - Resolving type for handle cttablestyles872ftype
2025-12-28 14:12:32 TRACE XBeanDebug:946 - Resolving type for handle sstf81fdoctype
2025-12-28 14:12:32 TRACE XBeanDebug:946 - Resolving type for handle ctsst44f3type
2025-12-28 14:12:32 TRACE XBeanDebug:946 - Resolving type for handle ctrsta472type
2025-12-28 14:12:33 TRACE XBeanDebug:946 - Resolving type for handle workbookec17doctype
2025-12-28 14:12:33 TRACE XBeanDebug:946 - Resolving type for handle ctworkbook83c3type
2025-12-28 14:12:33 TRACE XBeanDebug:946 - Resolving type for handle ctsheets49fdtype
2025-12-28 14:12:33 TRACE XBeanDebug:946 - Resolving type for handle ctsheet4dbetype
2025-12-28 14:12:33 TRACE XBeanDebug:946 - Resolving type for handle strelationshipid1e94type
2025-12-28 14:12:33 TRACE XBeanDebug:946 - Resolving type for handle worksheetf539doctype
2025-12-28 14:12:33 TRACE XBeanDebug:946 - Resolving type for handle ctworksheet530dtype
2025-12-28 14:12:33 TRACE XBeanDebug:946 - Resolving type for handle ctcols627ctype
2025-12-28 14:12:33 TRACE XBeanDebug:946 - Resolving type for handle ctcola95ftype
2025-12-28 14:12:33 TRACE XBeanDebug:946 - Resolving type for handle ctsheetdata8408type
2025-12-28 14:12:33 TRACE XBeanDebug:946 - Resolving type for handle ctrowdd39type
2025-12-28 14:12:33 TRACE XBeanDebug:946 - Resolving type for handle ctcell842btype
2025-12-28 14:12:33 TRACE XBeanDebug:946 - Resolving type for handle stcellrefe4e0type
2025-12-28 14:12:33 TRACE XBeanDebug:946 - Resolving type for handle stcelltypebf95type
2025-12-28 14:12:33 TRACE XBeanDebug:946 - Resolving type for handle stxstringf179type
2025-12-28 14:15:31 DEBUG PackageRelationshipCollection:307 - Parsing relationship: /xl/_rels/workbook.xml.rels
2025-12-28 14:15:31 DEBUG PackageRelationshipCollection:307 - Parsing relationship: /_rels/.rels
2025-12-28 14:15:31 TRACE XBeanDebug:199 - Loading type system org.apache.poi.schemas.ooxml.system.ooxml
2025-12-28 14:15:31 TRACE XBeanDebug:199 - Loading type system org.apache.xmlbeans.metadata.system.sXMLCONFIG
2025-12-28 14:15:31 TRACE XBeanDebug:199 - Loading type system org.apache.xmlbeans.metadata.system.sXMLLANG
2025-12-28 14:15:31 TRACE XBeanDebug:199 - Loading type system org.apache.xmlbeans.metadata.system.sXMLSCHEMA
2025-12-28 14:15:31 TRACE XBeanDebug:199 - Loading type system org.apache.xmlbeans.metadata.system.sXMLTOOLS
2025-12-28 14:15:31 TRACE XBeanDebug:237 - Reading unresolved handles for type system org.apache.xmlbeans.metadata.system.sXMLTOOLS
2025-12-28 14:15:31 TRACE XBeanDebug:209 - Finished loading type system org.apache.xmlbeans.metadata.system.sXMLTOOLS
2025-12-28 14:15:31 TRACE XBeanDebug:237 - Reading unresolved handles for type system org.apache.xmlbeans.metadata.system.sXMLSCHEMA
2025-12-28 14:15:31 TRACE XBeanDebug:209 - Finished loading type system org.apache.xmlbeans.metadata.system.sXMLSCHEMA
2025-12-28 14:15:31 TRACE XBeanDebug:237 - Reading unresolved handles for type system org.apache.xmlbeans.metadata.system.sXMLLANG
2025-12-28 14:15:31 TRACE XBeanDebug:209 - Finished loading type system org.apache.xmlbeans.metadata.system.sXMLLANG
2025-12-28 14:15:31 TRACE XBeanDebug:237 - Reading unresolved handles for type system org.apache.xmlbeans.metadata.system.sXMLCONFIG
2025-12-28 14:15:31 TRACE XBeanDebug:209 - Finished loading type system org.apache.xmlbeans.metadata.system.sXMLCONFIG
2025-12-28 14:15:31 TRACE XBeanDebug:237 - Reading unresolved handles for type system org.apache.poi.schemas.ooxml.system.ooxml
2025-12-28 14:15:32 TRACE XBeanDebug:209 - Finished loading type system org.apache.poi.schemas.ooxml.system.ooxml
2025-12-28 14:15:32 TRACE XBeanDebug:946 - Resolving type for handle themefd26doctype
2025-12-28 14:15:32 TRACE XBeanDebug:946 - Resolving type for handle stylesheet5d8bdoctype
2025-12-28 14:15:32 TRACE XBeanDebug:946 - Resolving type for handle ctstylesheet4257type
2025-12-28 14:15:32 TRACE XBeanDebug:946 - Resolving type for handle ctfonts6623type
2025-12-28 14:15:32 TRACE XBeanDebug:946 - Resolving type for handle ctfont14d8type
2025-12-28 14:15:32 TRACE XBeanDebug:946 - Resolving type for handle ctfills2c6ftype
2025-12-28 14:15:32 TRACE XBeanDebug:946 - Resolving type for handle ctfill550ctype
2025-12-28 14:15:32 TRACE XBeanDebug:946 - Resolving type for handle ctborders0d66type
2025-12-28 14:15:32 TRACE XBeanDebug:946 - Resolving type for handle ctborderf935type
2025-12-28 14:15:32 TRACE XBeanDebug:946 - Resolving type for handle ctcellxfs1322type
2025-12-28 14:15:32 TRACE XBeanDebug:946 - Resolving type for handle ctxf97f7type
2025-12-28 14:15:32 TRACE XBeanDebug:946 - Resolving type for handle ctcellstylexfsa81ftype
2025-12-28 14:15:32 TRACE XBeanDebug:946 - Resolving type for handle ctdxfsb26atype
2025-12-28 14:15:32 TRACE XBeanDebug:946 - Resolving type for handle cttablestyles872ftype
2025-12-28 14:15:32 TRACE XBeanDebug:946 - Resolving type for handle sstf81fdoctype
2025-12-28 14:15:32 TRACE XBeanDebug:946 - Resolving type for handle ctsst44f3type
2025-12-28 14:15:32 TRACE XBeanDebug:946 - Resolving type for handle ctrsta472type
2025-12-28 14:15:32 TRACE XBeanDebug:946 - Resolving type for handle workbookec17doctype
2025-12-28 14:15:32 TRACE XBeanDebug:946 - Resolving type for handle ctworkbook83c3type
2025-12-28 14:15:32 TRACE XBeanDebug:946 - Resolving type for handle ctsheets49fdtype
2025-12-28 14:15:32 TRACE XBeanDebug:946 - Resolving type for handle ctsheet4dbetype
2025-12-28 14:15:32 TRACE XBeanDebug:946 - Resolving type for handle strelationshipid1e94type
2025-12-28 14:15:32 TRACE XBeanDebug:946 - Resolving type for handle worksheetf539doctype
2025-12-28 14:15:32 TRACE XBeanDebug:946 - Resolving type for handle ctworksheet530dtype
2025-12-28 14:15:32 TRACE XBeanDebug:946 - Resolving type for handle ctcols627ctype
2025-12-28 14:15:32 TRACE XBeanDebug:946 - Resolving type for handle ctcola95ftype
2025-12-28 14:15:32 TRACE XBeanDebug:946 - Resolving type for handle ctsheetdata8408type
2025-12-28 14:15:32 TRACE XBeanDebug:946 - Resolving type for handle ctrowdd39type
2025-12-28 14:15:32 TRACE XBeanDebug:946 - Resolving type for handle ctcell842btype
2025-12-28 14:15:32 TRACE XBeanDebug:946 - Resolving type for handle stcellrefe4e0type
2025-12-28 14:15:32 TRACE XBeanDebug:946 - Resolving type for handle stcelltypebf95type
2025-12-28 14:15:32 TRACE XBeanDebug:946 - Resolving type for handle stxstringf179type
2025-12-28 14:16:16 DEBUG PackageRelationshipCollection:307 - Parsing relationship: /xl/_rels/workbook.xml.rels
2025-12-28 14:16:16 DEBUG PackageRelationshipCollection:307 - Parsing relationship: /_rels/.rels
2025-12-28 14:16:16 TRACE XBeanDebug:199 - Loading type system org.apache.poi.schemas.ooxml.system.ooxml
2025-12-28 14:16:16 TRACE XBeanDebug:199 - Loading type system org.apache.xmlbeans.metadata.system.sXMLCONFIG
2025-12-28 14:16:16 TRACE XBeanDebug:199 - Loading type system org.apache.xmlbeans.metadata.system.sXMLLANG
2025-12-28 14:16:16 TRACE XBeanDebug:199 - Loading type system org.apache.xmlbeans.metadata.system.sXMLSCHEMA
2025-12-28 14:16:16 TRACE XBeanDebug:199 - Loading type system org.apache.xmlbeans.metadata.system.sXMLTOOLS
2025-12-28 14:16:16 TRACE XBeanDebug:237 - Reading unresolved handles for type system org.apache.xmlbeans.metadata.system.sXMLTOOLS
2025-12-28 14:16:16 TRACE XBeanDebug:209 - Finished loading type system org.apache.xmlbeans.metadata.system.sXMLTOOLS
2025-12-28 14:16:16 TRACE XBeanDebug:237 - Reading unresolved handles for type system org.apache.xmlbeans.metadata.system.sXMLSCHEMA
2025-12-28 14:16:16 TRACE XBeanDebug:209 - Finished loading type system org.apache.xmlbeans.metadata.system.sXMLSCHEMA
2025-12-28 14:16:16 TRACE XBeanDebug:237 - Reading unresolved handles for type system org.apache.xmlbeans.metadata.system.sXMLLANG
2025-12-28 14:16:16 TRACE XBeanDebug:209 - Finished loading type system org.apache.xmlbeans.metadata.system.sXMLLANG
2025-12-28 14:16:16 TRACE XBeanDebug:237 - Reading unresolved handles for type system org.apache.xmlbeans.metadata.system.sXMLCONFIG
2025-12-28 14:16:16 TRACE XBeanDebug:209 - Finished loading type system org.apache.xmlbeans.metadata.system.sXMLCONFIG
2025-12-28 14:16:16 TRACE XBeanDebug:237 - Reading unresolved handles for type system org.apache.poi.schemas.ooxml.system.ooxml
2025-12-28 14:16:17 TRACE XBeanDebug:209 - Finished loading type system org.apache.poi.schemas.ooxml.system.ooxml
2025-12-28 14:16:17 TRACE XBeanDebug:946 - Resolving type for handle themefd26doctype
2025-12-28 14:16:17 TRACE XBeanDebug:946 - Resolving type for handle stylesheet5d8bdoctype
2025-12-28 14:16:17 TRACE XBeanDebug:946 - Resolving type for handle ctstylesheet4257type
2025-12-28 14:16:17 TRACE XBeanDebug:946 - Resolving type for handle ctfonts6623type
2025-12-28 14:16:17 TRACE XBeanDebug:946 - Resolving type for handle ctfont14d8type
2025-12-28 14:16:17 TRACE XBeanDebug:946 - Resolving type for handle ctfills2c6ftype
2025-12-28 14:16:17 TRACE XBeanDebug:946 - Resolving type for handle ctfill550ctype
2025-12-28 14:16:17 TRACE XBeanDebug:946 - Resolving type for handle ctborders0d66type
2025-12-28 14:16:17 TRACE XBeanDebug:946 - Resolving type for handle ctborderf935type
2025-12-28 14:16:17 TRACE XBeanDebug:946 - Resolving type for handle ctcellxfs1322type
2025-12-28 14:16:17 TRACE XBeanDebug:946 - Resolving type for handle ctxf97f7type
2025-12-28 14:16:17 TRACE XBeanDebug:946 - Resolving type for handle ctcellstylexfsa81ftype
2025-12-28 14:16:17 TRACE XBeanDebug:946 - Resolving type for handle ctdxfsb26atype
2025-12-28 14:16:17 TRACE XBeanDebug:946 - Resolving type for handle cttablestyles872ftype
2025-12-28 14:16:17 TRACE XBeanDebug:946 - Resolving type for handle sstf81fdoctype
2025-12-28 14:16:17 TRACE XBeanDebug:946 - Resolving type for handle ctsst44f3type
2025-12-28 14:16:17 TRACE XBeanDebug:946 - Resolving type for handle ctrsta472type
2025-12-28 14:16:17 TRACE XBeanDebug:946 - Resolving type for handle workbookec17doctype
2025-12-28 14:16:17 TRACE XBeanDebug:946 - Resolving type for handle ctworkbook83c3type
2025-12-28 14:16:17 TRACE XBeanDebug:946 - Resolving type for handle ctsheets49fdtype
2025-12-28 14:16:17 TRACE XBeanDebug:946 - Resolving type for handle ctsheet4dbetype
2025-12-28 14:16:17 TRACE XBeanDebug:946 - Resolving type for handle strelationshipid1e94type
2025-12-28 14:16:17 TRACE XBeanDebug:946 - Resolving type for handle worksheetf539doctype
2025-12-28 14:16:17 TRACE XBeanDebug:946 - Resolving type for handle ctworksheet530dtype
2025-12-28 14:16:17 TRACE XBeanDebug:946 - Resolving type for handle ctcols627ctype
2025-12-28 14:16:17 TRACE XBeanDebug:946 - Resolving type for handle ctcola95ftype
2025-12-28 14:16:17 TRACE XBeanDebug:946 - Resolving type for handle ctsheetdata8408type
2025-12-28 14:16:17 TRACE XBeanDebug:946 - Resolving type for handle ctrowdd39type
2025-12-28 14:16:17 TRACE XBeanDebug:946 - Resolving type for handle ctcell842btype
2025-12-28 14:16:17 TRACE XBeanDebug:946 - Resolving type for handle stcellrefe4e0type
2025-12-28 14:16:17 TRACE XBeanDebug:946 - Resolving type for handle stcelltypebf95type
2025-12-28 14:16:17 TRACE XBeanDebug:946 - Resolving type for handle stxstringf179type
2025-12-28 14:16:17 TRACE XBeanDebug:946 - Resolving type for handle stcellstylexfid70c7type
2025-12-28 14:16:17 TRACE XBeanDebug:946 - Resolving type for handle stnumfmtid76fbtype
2025-12-28 14:16:37 DEBUG PackageRelationshipCollection:307 - Parsing relationship: /xl/_rels/workbook.xml.rels
2025-12-28 14:16:37 DEBUG PackageRelationshipCollection:307 - Parsing relationship: /_rels/.rels
2025-12-28 14:16:37 TRACE XBeanDebug:199 - Loading type system org.apache.poi.schemas.ooxml.system.ooxml
2025-12-28 14:16:37 TRACE XBeanDebug:199 - Loading type system org.apache.xmlbeans.metadata.system.sXMLCONFIG
2025-12-28 14:16:37 TRACE XBeanDebug:199 - Loading type system org.apache.xmlbeans.metadata.system.sXMLLANG
2025-12-28 14:16:37 TRACE XBeanDebug:199 - Loading type system org.apache.xmlbeans.metadata.system.sXMLSCHEMA
2025-12-28 14:16:37 TRACE XBeanDebug:199 - Loading type system org.apache.xmlbeans.metadata.system.sXMLTOOLS
2025-12-28 14:16:37 TRACE XBeanDebug:237 - Reading unresolved handles for type system org.apache.xmlbeans.metadata.system.sXMLTOOLS
2025-12-28 14:16:37 TRACE XBeanDebug:209 - Finished loading type system org.apache.xmlbeans.metadata.system.sXMLTOOLS
2025-12-28 14:16:37 TRACE XBeanDebug:237 - Reading unresolved handles for type system org.apache.xmlbeans.metadata.system.sXMLSCHEMA
2025-12-28 14:16:37 TRACE XBeanDebug:209 - Finished loading type system org.apache.xmlbeans.metadata.system.sXMLSCHEMA
2025-12-28 14:16:37 TRACE XBeanDebug:237 - Reading unresolved handles for type system org.apache.xmlbeans.metadata.system.sXMLLANG
2025-12-28 14:16:37 TRACE XBeanDebug:209 - Finished loading type system org.apache.xmlbeans.metadata.system.sXMLLANG
2025-12-28 14:16:37 TRACE XBeanDebug:237 - Reading unresolved handles for type system org.apache.xmlbeans.metadata.system.sXMLCONFIG
2025-12-28 14:16:37 TRACE XBeanDebug:209 - Finished loading type system org.apache.xmlbeans.metadata.system.sXMLCONFIG
2025-12-28 14:16:37 TRACE XBeanDebug:237 - Reading unresolved handles for type system org.apache.poi.schemas.ooxml.system.ooxml
2025-12-28 14:16:37 TRACE XBeanDebug:209 - Finished loading type system org.apache.poi.schemas.ooxml.system.ooxml
2025-12-28 14:16:37 TRACE XBeanDebug:946 - Resolving type for handle themefd26doctype
2025-12-28 14:16:37 TRACE XBeanDebug:946 - Resolving type for handle stylesheet5d8bdoctype
2025-12-28 14:16:37 TRACE XBeanDebug:946 - Resolving type for handle ctstylesheet4257type
2025-12-28 14:16:37 TRACE XBeanDebug:946 - Resolving type for handle ctfonts6623type
2025-12-28 14:16:37 TRACE XBeanDebug:946 - Resolving type for handle ctfont14d8type
2025-12-28 14:16:37 TRACE XBeanDebug:946 - Resolving type for handle ctfills2c6ftype
2025-12-28 14:16:37 TRACE XBeanDebug:946 - Resolving type for handle ctfill550ctype
2025-12-28 14:16:37 TRACE XBeanDebug:946 - Resolving type for handle ctborders0d66type
2025-12-28 14:16:37 TRACE XBeanDebug:946 - Resolving type for handle ctborderf935type
2025-12-28 14:16:37 TRACE XBeanDebug:946 - Resolving type for handle ctcellxfs1322type
2025-12-28 14:16:37 TRACE XBeanDebug:946 - Resolving type for handle ctxf97f7type
2025-12-28 14:16:37 TRACE XBeanDebug:946 - Resolving type for handle ctcellstylexfsa81ftype
2025-12-28 14:16:37 TRACE XBeanDebug:946 - Resolving type for handle ctdxfsb26atype
2025-12-28 14:16:37 TRACE XBeanDebug:946 - Resolving type for handle cttablestyles872ftype
2025-12-28 14:16:37 TRACE XBeanDebug:946 - Resolving type for handle sstf81fdoctype
2025-12-28 14:16:37 TRACE XBeanDebug:946 - Resolving type for handle ctsst44f3type
2025-12-28 14:16:37 TRACE XBeanDebug:946 - Resolving type for handle ctrsta472type
2025-12-28 14:16:37 TRACE XBeanDebug:946 - Resolving type for handle workbookec17doctype
2025-12-28 14:16:37 TRACE XBeanDebug:946 - Resolving type for handle ctworkbook83c3type
2025-12-28 14:16:37 TRACE XBeanDebug:946 - Resolving type for handle ctsheets49fdtype
2025-12-28 14:16:37 TRACE XBeanDebug:946 - Resolving type for handle ctsheet4dbetype
2025-12-28 14:16:37 TRACE XBeanDebug:946 - Resolving type for handle strelationshipid1e94type
2025-12-28 14:16:37 TRACE XBeanDebug:946 - Resolving type for handle worksheetf539doctype
2025-12-28 14:16:37 TRACE XBeanDebug:946 - Resolving type for handle ctworksheet530dtype
2025-12-28 14:16:38 TRACE XBeanDebug:946 - Resolving type for handle ctcols627ctype
2025-12-28 14:16:38 TRACE XBeanDebug:946 - Resolving type for handle ctcola95ftype
2025-12-28 14:16:38 TRACE XBeanDebug:946 - Resolving type for handle ctsheetdata8408type
2025-12-28 14:16:38 TRACE XBeanDebug:946 - Resolving type for handle ctrowdd39type
2025-12-28 14:16:38 TRACE XBeanDebug:946 - Resolving type for handle ctcell842btype
2025-12-28 14:16:38 TRACE XBeanDebug:946 - Resolving type for handle stcellrefe4e0type
2025-12-28 14:16:38 TRACE XBeanDebug:946 - Resolving type for handle stcelltypebf95type
2025-12-28 14:16:38 TRACE XBeanDebug:946 - Resolving type for handle stxstringf179type
2025-12-28 14:16:38 TRACE XBeanDebug:946 - Resolving type for handle stcellstylexfid70c7type
2025-12-28 14:16:38 TRACE XBeanDebug:946 - Resolving type for handle stnumfmtid76fbtype
2025-12-28 14:17:10 DEBUG PackageRelationshipCollection:307 - Parsing relationship: /xl/_rels/workbook.xml.rels
2025-12-28 14:17:10 DEBUG PackageRelationshipCollection:307 - Parsing relationship: /_rels/.rels
2025-12-28 14:17:10 TRACE XBeanDebug:199 - Loading type system org.apache.poi.schemas.ooxml.system.ooxml
2025-12-28 14:17:10 TRACE XBeanDebug:199 - Loading type system org.apache.xmlbeans.metadata.system.sXMLCONFIG
2025-12-28 14:17:10 TRACE XBeanDebug:199 - Loading type system org.apache.xmlbeans.metadata.system.sXMLLANG
2025-12-28 14:17:10 TRACE XBeanDebug:199 - Loading type system org.apache.xmlbeans.metadata.system.sXMLSCHEMA
2025-12-28 14:17:10 TRACE XBeanDebug:199 - Loading type system org.apache.xmlbeans.metadata.system.sXMLTOOLS
2025-12-28 14:17:10 TRACE XBeanDebug:237 - Reading unresolved handles for type system org.apache.xmlbeans.metadata.system.sXMLTOOLS
2025-12-28 14:17:10 TRACE XBeanDebug:209 - Finished loading type system org.apache.xmlbeans.metadata.system.sXMLTOOLS
2025-12-28 14:17:10 TRACE XBeanDebug:237 - Reading unresolved handles for type system org.apache.xmlbeans.metadata.system.sXMLSCHEMA
2025-12-28 14:17:10 TRACE XBeanDebug:209 - Finished loading type system org.apache.xmlbeans.metadata.system.sXMLSCHEMA
2025-12-28 14:17:10 TRACE XBeanDebug:237 - Reading unresolved handles for type system org.apache.xmlbeans.metadata.system.sXMLLANG
2025-12-28 14:17:10 TRACE XBeanDebug:209 - Finished loading type system org.apache.xmlbeans.metadata.system.sXMLLANG
2025-12-28 14:17:10 TRACE XBeanDebug:237 - Reading unresolved handles for type system org.apache.xmlbeans.metadata.system.sXMLCONFIG
2025-12-28 14:17:10 TRACE XBeanDebug:209 - Finished loading type system org.apache.xmlbeans.metadata.system.sXMLCONFIG
2025-12-28 14:17:10 TRACE XBeanDebug:237 - Reading unresolved handles for type system org.apache.poi.schemas.ooxml.system.ooxml
2025-12-28 14:17:10 TRACE XBeanDebug:209 - Finished loading type system org.apache.poi.schemas.ooxml.system.ooxml
2025-12-28 14:17:10 TRACE XBeanDebug:946 - Resolving type for handle themefd26doctype
2025-12-28 14:17:10 TRACE XBeanDebug:946 - Resolving type for handle stylesheet5d8bdoctype
2025-12-28 14:17:10 TRACE XBeanDebug:946 - Resolving type for handle ctstylesheet4257type
2025-12-28 14:17:10 TRACE XBeanDebug:946 - Resolving type for handle ctfonts6623type
2025-12-28 14:17:10 TRACE XBeanDebug:946 - Resolving type for handle ctfont14d8type
2025-12-28 14:17:10 TRACE XBeanDebug:946 - Resolving type for handle ctfills2c6ftype
2025-12-28 14:17:10 TRACE XBeanDebug:946 - Resolving type for handle ctfill550ctype
2025-12-28 14:17:10 TRACE XBeanDebug:946 - Resolving type for handle ctborders0d66type
2025-12-28 14:17:10 TRACE XBeanDebug:946 - Resolving type for handle ctborderf935type
2025-12-28 14:17:10 TRACE XBeanDebug:946 - Resolving type for handle ctcellxfs1322type
2025-12-28 14:17:10 TRACE XBeanDebug:946 - Resolving type for handle ctxf97f7type
2025-12-28 14:17:10 TRACE XBeanDebug:946 - Resolving type for handle ctcellstylexfsa81ftype
2025-12-28 14:17:10 TRACE XBeanDebug:946 - Resolving type for handle ctdxfsb26atype
2025-12-28 14:17:10 TRACE XBeanDebug:946 - Resolving type for handle cttablestyles872ftype
2025-12-28 14:17:10 TRACE XBeanDebug:946 - Resolving type for handle sstf81fdoctype
2025-12-28 14:17:10 TRACE XBeanDebug:946 - Resolving type for handle ctsst44f3type
2025-12-28 14:17:10 TRACE XBeanDebug:946 - Resolving type for handle ctrsta472type
2025-12-28 14:17:10 TRACE XBeanDebug:946 - Resolving type for handle workbookec17doctype
2025-12-28 14:17:10 TRACE XBeanDebug:946 - Resolving type for handle ctworkbook83c3type
2025-12-28 14:17:10 TRACE XBeanDebug:946 - Resolving type for handle ctsheets49fdtype
2025-12-28 14:17:10 TRACE XBeanDebug:946 - Resolving type for handle ctsheet4dbetype
2025-12-28 14:17:10 TRACE XBeanDebug:946 - Resolving type for handle strelationshipid1e94type
2025-12-28 14:17:10 TRACE XBeanDebug:946 - Resolving type for handle worksheetf539doctype
2025-12-28 14:17:10 TRACE XBeanDebug:946 - Resolving type for handle ctworksheet530dtype
2025-12-28 14:17:10 TRACE XBeanDebug:946 - Resolving type for handle ctcols627ctype
2025-12-28 14:17:10 TRACE XBeanDebug:946 - Resolving type for handle ctcola95ftype
2025-12-28 14:17:10 TRACE XBeanDebug:946 - Resolving type for handle ctsheetdata8408type
2025-12-28 14:17:10 TRACE XBeanDebug:946 - Resolving type for handle ctrowdd39type
2025-12-28 14:17:10 TRACE XBeanDebug:946 - Resolving type for handle ctcell842btype
2025-12-28 14:17:10 TRACE XBeanDebug:946 - Resolving type for handle stcellrefe4e0type
2025-12-28 14:17:10 TRACE XBeanDebug:946 - Resolving type for handle stcelltypebf95type
2025-12-28 14:17:10 TRACE XBeanDebug:946 - Resolving type for handle stxstringf179type
2025-12-28 14:17:10 TRACE XBeanDebug:946 - Resolving type for handle stcellstylexfid70c7type
2025-12-28 14:17:10 TRACE XBeanDebug:946 - Resolving type for handle stnumfmtid76fbtype
2025-12-28 14:18:40 DEBUG PackageRelationshipCollection:307 - Parsing relationship: /xl/_rels/workbook.xml.rels
2025-12-28 14:18:40 DEBUG PackageRelationshipCollection:307 - Parsing relationship: /_rels/.rels
2025-12-28 14:18:41 TRACE XBeanDebug:199 - Loading type system org.apache.poi.schemas.ooxml.system.ooxml
2025-12-28 14:18:41 TRACE XBeanDebug:199 - Loading type system org.apache.xmlbeans.metadata.system.sXMLCONFIG
2025-12-28 14:18:41 TRACE XBeanDebug:199 - Loading type system org.apache.xmlbeans.metadata.system.sXMLLANG
2025-12-28 14:18:41 TRACE XBeanDebug:199 - Loading type system org.apache.xmlbeans.metadata.system.sXMLSCHEMA
2025-12-28 14:18:41 TRACE XBeanDebug:199 - Loading type system org.apache.xmlbeans.metadata.system.sXMLTOOLS
2025-12-28 14:18:41 TRACE XBeanDebug:237 - Reading unresolved handles for type system org.apache.xmlbeans.metadata.system.sXMLTOOLS
2025-12-28 14:18:41 TRACE XBeanDebug:209 - Finished loading type system org.apache.xmlbeans.metadata.system.sXMLTOOLS
2025-12-28 14:18:41 TRACE XBeanDebug:237 - Reading unresolved handles for type system org.apache.xmlbeans.metadata.system.sXMLSCHEMA
2025-12-28 14:18:41 TRACE XBeanDebug:209 - Finished loading type system org.apache.xmlbeans.metadata.system.sXMLSCHEMA
2025-12-28 14:18:41 TRACE XBeanDebug:237 - Reading unresolved handles for type system org.apache.xmlbeans.metadata.system.sXMLLANG
2025-12-28 14:18:41 TRACE XBeanDebug:209 - Finished loading type system org.apache.xmlbeans.metadata.system.sXMLLANG
2025-12-28 14:18:41 TRACE XBeanDebug:237 - Reading unresolved handles for type system org.apache.xmlbeans.metadata.system.sXMLCONFIG
2025-12-28 14:18:41 TRACE XBeanDebug:209 - Finished loading type system org.apache.xmlbeans.metadata.system.sXMLCONFIG
2025-12-28 14:18:41 TRACE XBeanDebug:237 - Reading unresolved handles for type system org.apache.poi.schemas.ooxml.system.ooxml
2025-12-28 14:18:41 TRACE XBeanDebug:209 - Finished loading type system org.apache.poi.schemas.ooxml.system.ooxml
2025-12-28 14:18:41 TRACE XBeanDebug:946 - Resolving type for handle themefd26doctype
2025-12-28 14:18:41 TRACE XBeanDebug:946 - Resolving type for handle stylesheet5d8bdoctype
2025-12-28 14:18:41 TRACE XBeanDebug:946 - Resolving type for handle ctstylesheet4257type
2025-12-28 14:18:41 TRACE XBeanDebug:946 - Resolving type for handle ctfonts6623type
2025-12-28 14:18:41 TRACE XBeanDebug:946 - Resolving type for handle ctfont14d8type
2025-12-28 14:18:41 TRACE XBeanDebug:946 - Resolving type for handle ctfills2c6ftype
2025-12-28 14:18:41 TRACE XBeanDebug:946 - Resolving type for handle ctfill550ctype
2025-12-28 14:18:41 TRACE XBeanDebug:946 - Resolving type for handle ctborders0d66type
2025-12-28 14:18:41 TRACE XBeanDebug:946 - Resolving type for handle ctborderf935type
2025-12-28 14:18:41 TRACE XBeanDebug:946 - Resolving type for handle ctcellxfs1322type
2025-12-28 14:18:41 TRACE XBeanDebug:946 - Resolving type for handle ctxf97f7type
2025-12-28 14:18:41 TRACE XBeanDebug:946 - Resolving type for handle ctcellstylexfsa81ftype
2025-12-28 14:18:41 TRACE XBeanDebug:946 - Resolving type for handle ctdxfsb26atype
2025-12-28 14:18:41 TRACE XBeanDebug:946 - Resolving type for handle cttablestyles872ftype
2025-12-28 14:18:41 TRACE XBeanDebug:946 - Resolving type for handle sstf81fdoctype
2025-12-28 14:18:41 TRACE XBeanDebug:946 - Resolving type for handle ctsst44f3type
2025-12-28 14:18:41 TRACE XBeanDebug:946 - Resolving type for handle ctrsta472type
2025-12-28 14:18:41 TRACE XBeanDebug:946 - Resolving type for handle workbookec17doctype
2025-12-28 14:18:41 TRACE XBeanDebug:946 - Resolving type for handle ctworkbook83c3type
2025-12-28 14:18:41 TRACE XBeanDebug:946 - Resolving type for handle ctsheets49fdtype
2025-12-28 14:18:41 TRACE XBeanDebug:946 - Resolving type for handle ctsheet4dbetype
2025-12-28 14:18:41 TRACE XBeanDebug:946 - Resolving type for handle strelationshipid1e94type
2025-12-28 14:18:41 TRACE XBeanDebug:946 - Resolving type for handle worksheetf539doctype
2025-12-28 14:18:41 TRACE XBeanDebug:946 - Resolving type for handle ctworksheet530dtype
2025-12-28 14:18:41 TRACE XBeanDebug:946 - Resolving type for handle ctcols627ctype
2025-12-28 14:18:41 TRACE XBeanDebug:946 - Resolving type for handle ctcola95ftype
2025-12-28 14:18:41 TRACE XBeanDebug:946 - Resolving type for handle ctsheetdata8408type
2025-12-28 14:18:41 TRACE XBeanDebug:946 - Resolving type for handle ctrowdd39type
2025-12-28 14:18:41 TRACE XBeanDebug:946 - Resolving type for handle ctcell842btype
2025-12-28 14:18:41 TRACE XBeanDebug:946 - Resolving type for handle stcellrefe4e0type
2025-12-28 14:18:41 TRACE XBeanDebug:946 - Resolving type for handle stcelltypebf95type
2025-12-28 14:18:41 TRACE XBeanDebug:946 - Resolving type for handle stxstringf179type
2025-12-28 14:18:41 TRACE XBeanDebug:946 - Resolving type for handle stcellstylexfid70c7type
2025-12-28 14:18:41 TRACE XBeanDebug:946 - Resolving type for handle stnumfmtid76fbtype
2025-12-28 14:19:49 DEBUG PackageRelationshipCollection:307 - Parsing relationship: /xl/_rels/workbook.xml.rels
2025-12-28 14:19:49 DEBUG PackageRelationshipCollection:307 - Parsing relationship: /_rels/.rels
2025-12-28 14:19:49 TRACE XBeanDebug:199 - Loading type system org.apache.poi.schemas.ooxml.system.ooxml
2025-12-28 14:19:49 TRACE XBeanDebug:199 - Loading type system org.apache.xmlbeans.metadata.system.sXMLCONFIG
2025-12-28 14:19:49 TRACE XBeanDebug:199 - Loading type system org.apache.xmlbeans.metadata.system.sXMLLANG
2025-12-28 14:19:49 TRACE XBeanDebug:199 - Loading type system org.apache.xmlbeans.metadata.system.sXMLSCHEMA
2025-12-28 14:19:49 TRACE XBeanDebug:199 - Loading type system org.apache.xmlbeans.metadata.system.sXMLTOOLS
2025-12-28 14:19:49 TRACE XBeanDebug:237 - Reading unresolved handles for type system org.apache.xmlbeans.metadata.system.sXMLTOOLS
2025-12-28 14:19:49 TRACE XBeanDebug:209 - Finished loading type system org.apache.xmlbeans.metadata.system.sXMLTOOLS
2025-12-28 14:19:49 TRACE XBeanDebug:237 - Reading unresolved handles for type system org.apache.xmlbeans.metadata.system.sXMLSCHEMA
2025-12-28 14:19:49 TRACE XBeanDebug:209 - Finished loading type system org.apache.xmlbeans.metadata.system.sXMLSCHEMA
2025-12-28 14:19:49 TRACE XBeanDebug:237 - Reading unresolved handles for type system org.apache.xmlbeans.metadata.system.sXMLLANG
2025-12-28 14:19:49 TRACE XBeanDebug:209 - Finished loading type system org.apache.xmlbeans.metadata.system.sXMLLANG
2025-12-28 14:19:49 TRACE XBeanDebug:237 - Reading unresolved handles for type system org.apache.xmlbeans.metadata.system.sXMLCONFIG
2025-12-28 14:19:49 TRACE XBeanDebug:209 - Finished loading type system org.apache.xmlbeans.metadata.system.sXMLCONFIG
2025-12-28 14:19:49 TRACE XBeanDebug:237 - Reading unresolved handles for type system org.apache.poi.schemas.ooxml.system.ooxml
2025-12-28 14:19:49 TRACE XBeanDebug:209 - Finished loading type system org.apache.poi.schemas.ooxml.system.ooxml
2025-12-28 14:19:49 TRACE XBeanDebug:946 - Resolving type for handle themefd26doctype
2025-12-28 14:19:49 TRACE XBeanDebug:946 - Resolving type for handle stylesheet5d8bdoctype
2025-12-28 14:19:49 TRACE XBeanDebug:946 - Resolving type for handle ctstylesheet4257type
2025-12-28 14:19:49 TRACE XBeanDebug:946 - Resolving type for handle ctfonts6623type
2025-12-28 14:19:49 TRACE XBeanDebug:946 - Resolving type for handle ctfont14d8type
2025-12-28 14:19:49 TRACE XBeanDebug:946 - Resolving type for handle ctfills2c6ftype
2025-12-28 14:19:49 TRACE XBeanDebug:946 - Resolving type for handle ctfill550ctype
2025-12-28 14:19:49 TRACE XBeanDebug:946 - Resolving type for handle ctborders0d66type
2025-12-28 14:19:49 TRACE XBeanDebug:946 - Resolving type for handle ctborderf935type
2025-12-28 14:19:49 TRACE XBeanDebug:946 - Resolving type for handle ctcellxfs1322type
2025-12-28 14:19:49 TRACE XBeanDebug:946 - Resolving type for handle ctxf97f7type
2025-12-28 14:19:49 TRACE XBeanDebug:946 - Resolving type for handle ctcellstylexfsa81ftype
2025-12-28 14:19:49 TRACE XBeanDebug:946 - Resolving type for handle ctdxfsb26atype
2025-12-28 14:19:49 TRACE XBeanDebug:946 - Resolving type for handle cttablestyles872ftype
2025-12-28 14:19:49 TRACE XBeanDebug:946 - Resolving type for handle sstf81fdoctype
2025-12-28 14:19:49 TRACE XBeanDebug:946 - Resolving type for handle ctsst44f3type
2025-12-28 14:19:49 TRACE XBeanDebug:946 - Resolving type for handle ctrsta472type
2025-12-28 14:19:49 TRACE XBeanDebug:946 - Resolving type for handle workbookec17doctype
2025-12-28 14:19:49 TRACE XBeanDebug:946 - Resolving type for handle ctworkbook83c3type
2025-12-28 14:19:49 TRACE XBeanDebug:946 - Resolving type for handle ctsheets49fdtype
2025-12-28 14:19:49 TRACE XBeanDebug:946 - Resolving type for handle ctsheet4dbetype
2025-12-28 14:19:49 TRACE XBeanDebug:946 - Resolving type for handle strelationshipid1e94type
2025-12-28 14:19:49 TRACE XBeanDebug:946 - Resolving type for handle worksheetf539doctype
2025-12-28 14:19:49 TRACE XBeanDebug:946 - Resolving type for handle ctworksheet530dtype
2025-12-28 14:19:49 TRACE XBeanDebug:946 - Resolving type for handle ctcols627ctype
2025-12-28 14:19:49 TRACE XBeanDebug:946 - Resolving type for handle ctcola95ftype
2025-12-28 14:19:49 TRACE XBeanDebug:946 - Resolving type for handle ctsheetdata8408type
2025-12-28 14:19:49 TRACE XBeanDebug:946 - Resolving type for handle ctrowdd39type
2025-12-28 14:19:49 TRACE XBeanDebug:946 - Resolving type for handle ctcell842btype
2025-12-28 14:19:49 TRACE XBeanDebug:946 - Resolving type for handle stcellrefe4e0type
2025-12-28 14:19:49 TRACE XBeanDebug:946 - Resolving type for handle stcelltypebf95type
2025-12-28 14:19:49 TRACE XBeanDebug:946 - Resolving type for handle stxstringf179type
2025-12-28 14:19:49 TRACE XBeanDebug:946 - Resolving type for handle stcellstylexfid70c7type
2025-12-28 14:19:49 TRACE XBeanDebug:946 - Resolving type for handle stnumfmtid76fbtype
2025-12-28 14:20:29 DEBUG PackageRelationshipCollection:307 - Parsing relationship: /xl/_rels/workbook.xml.rels
2025-12-28 14:20:29 DEBUG PackageRelationshipCollection:307 - Parsing relationship: /_rels/.rels
2025-12-28 14:20:29 TRACE XBeanDebug:199 - Loading type system org.apache.poi.schemas.ooxml.system.ooxml
2025-12-28 14:20:29 TRACE XBeanDebug:199 - Loading type system org.apache.xmlbeans.metadata.system.sXMLCONFIG
2025-12-28 14:20:29 TRACE XBeanDebug:199 - Loading type system org.apache.xmlbeans.metadata.system.sXMLLANG
2025-12-28 14:20:29 TRACE XBeanDebug:199 - Loading type system org.apache.xmlbeans.metadata.system.sXMLSCHEMA
2025-12-28 14:20:29 TRACE XBeanDebug:199 - Loading type system org.apache.xmlbeans.metadata.system.sXMLTOOLS
2025-12-28 14:20:29 TRACE XBeanDebug:237 - Reading unresolved handles for type system org.apache.xmlbeans.metadata.system.sXMLTOOLS
2025-12-28 14:20:30 TRACE XBeanDebug:209 - Finished loading type system org.apache.xmlbeans.metadata.system.sXMLTOOLS
2025-12-28 14:20:30 TRACE XBeanDebug:237 - Reading unresolved handles for type system org.apache.xmlbeans.metadata.system.sXMLSCHEMA
2025-12-28 14:20:30 TRACE XBeanDebug:209 - Finished loading type system org.apache.xmlbeans.metadata.system.sXMLSCHEMA
2025-12-28 14:20:30 TRACE XBeanDebug:237 - Reading unresolved handles for type system org.apache.xmlbeans.metadata.system.sXMLLANG
2025-12-28 14:20:30 TRACE XBeanDebug:209 - Finished loading type system org.apache.xmlbeans.metadata.system.sXMLLANG
2025-12-28 14:20:30 TRACE XBeanDebug:237 - Reading unresolved handles for type system org.apache.xmlbeans.metadata.system.sXMLCONFIG
2025-12-28 14:20:30 TRACE XBeanDebug:209 - Finished loading type system org.apache.xmlbeans.metadata.system.sXMLCONFIG
2025-12-28 14:20:30 TRACE XBeanDebug:237 - Reading unresolved handles for type system org.apache.poi.schemas.ooxml.system.ooxml
2025-12-28 14:20:30 TRACE XBeanDebug:209 - Finished loading type system org.apache.poi.schemas.ooxml.system.ooxml
2025-12-28 14:20:30 TRACE XBeanDebug:946 - Resolving type for handle themefd26doctype
2025-12-28 14:20:30 TRACE XBeanDebug:946 - Resolving type for handle stylesheet5d8bdoctype
2025-12-28 14:20:30 TRACE XBeanDebug:946 - Resolving type for handle ctstylesheet4257type
2025-12-28 14:20:30 TRACE XBeanDebug:946 - Resolving type for handle ctfonts6623type
2025-12-28 14:20:30 TRACE XBeanDebug:946 - Resolving type for handle ctfont14d8type
2025-12-28 14:20:30 TRACE XBeanDebug:946 - Resolving type for handle ctfills2c6ftype
2025-12-28 14:20:30 TRACE XBeanDebug:946 - Resolving type for handle ctfill550ctype
2025-12-28 14:20:30 TRACE XBeanDebug:946 - Resolving type for handle ctborders0d66type
2025-12-28 14:20:30 TRACE XBeanDebug:946 - Resolving type for handle ctborderf935type
2025-12-28 14:20:30 TRACE XBeanDebug:946 - Resolving type for handle ctcellxfs1322type
2025-12-28 14:20:30 TRACE XBeanDebug:946 - Resolving type for handle ctxf97f7type
2025-12-28 14:20:30 TRACE XBeanDebug:946 - Resolving type for handle ctcellstylexfsa81ftype
2025-12-28 14:20:30 TRACE XBeanDebug:946 - Resolving type for handle ctdxfsb26atype
2025-12-28 14:20:30 TRACE XBeanDebug:946 - Resolving type for handle cttablestyles872ftype
2025-12-28 14:20:30 TRACE XBeanDebug:946 - Resolving type for handle sstf81fdoctype
2025-12-28 14:20:30 TRACE XBeanDebug:946 - Resolving type for handle ctsst44f3type
2025-12-28 14:20:30 TRACE XBeanDebug:946 - Resolving type for handle ctrsta472type
2025-12-28 14:20:30 TRACE XBeanDebug:946 - Resolving type for handle workbookec17doctype
2025-12-28 14:20:30 TRACE XBeanDebug:946 - Resolving type for handle ctworkbook83c3type
2025-12-28 14:20:30 TRACE XBeanDebug:946 - Resolving type for handle ctsheets49fdtype
2025-12-28 14:20:30 TRACE XBeanDebug:946 - Resolving type for handle ctsheet4dbetype
2025-12-28 14:20:30 TRACE XBeanDebug:946 - Resolving type for handle strelationshipid1e94type
2025-12-28 14:20:30 TRACE XBeanDebug:946 - Resolving type for handle worksheetf539doctype
2025-12-28 14:20:30 TRACE XBeanDebug:946 - Resolving type for handle ctworksheet530dtype
2025-12-28 14:20:30 TRACE XBeanDebug:946 - Resolving type for handle ctcols627ctype
2025-12-28 14:20:30 TRACE XBeanDebug:946 - Resolving type for handle ctcola95ftype
2025-12-28 14:20:30 TRACE XBeanDebug:946 - Resolving type for handle ctsheetdata8408type
2025-12-28 14:20:30 TRACE XBeanDebug:946 - Resolving type for handle ctrowdd39type
2025-12-28 14:20:30 TRACE XBeanDebug:946 - Resolving type for handle ctcell842btype
2025-12-28 14:20:30 TRACE XBeanDebug:946 - Resolving type for handle stcellrefe4e0type
2025-12-28 14:20:30 TRACE XBeanDebug:946 - Resolving type for handle stcelltypebf95type
2025-12-28 14:20:30 TRACE XBeanDebug:946 - Resolving type for handle stxstringf179type
2025-12-28 14:20:30 TRACE XBeanDebug:946 - Resolving type for handle stcellstylexfid70c7type
2025-12-28 14:20:30 TRACE XBeanDebug:946 - Resolving type for handle stnumfmtid76fbtype
2025-12-28 14:21:11 DEBUG PackageRelationshipCollection:307 - Parsing relationship: /xl/_rels/workbook.xml.rels
2025-12-28 14:21:11 DEBUG PackageRelationshipCollection:307 - Parsing relationship: /_rels/.rels
2025-12-28 14:21:12 TRACE XBeanDebug:199 - Loading type system org.apache.poi.schemas.ooxml.system.ooxml
2025-12-28 14:21:12 TRACE XBeanDebug:199 - Loading type system org.apache.xmlbeans.metadata.system.sXMLCONFIG
2025-12-28 14:21:12 TRACE XBeanDebug:199 - Loading type system org.apache.xmlbeans.metadata.system.sXMLLANG
2025-12-28 14:21:12 TRACE XBeanDebug:199 - Loading type system org.apache.xmlbeans.metadata.system.sXMLSCHEMA
2025-12-28 14:21:12 TRACE XBeanDebug:199 - Loading type system org.apache.xmlbeans.metadata.system.sXMLTOOLS
2025-12-28 14:21:12 TRACE XBeanDebug:237 - Reading unresolved handles for type system org.apache.xmlbeans.metadata.system.sXMLTOOLS
2025-12-28 14:21:12 TRACE XBeanDebug:209 - Finished loading type system org.apache.xmlbeans.metadata.system.sXMLTOOLS
2025-12-28 14:21:12 TRACE XBeanDebug:237 - Reading unresolved handles for type system org.apache.xmlbeans.metadata.system.sXMLSCHEMA
2025-12-28 14:21:12 TRACE XBeanDebug:209 - Finished loading type system org.apache.xmlbeans.metadata.system.sXMLSCHEMA
2025-12-28 14:21:12 TRACE XBeanDebug:237 - Reading unresolved handles for type system org.apache.xmlbeans.metadata.system.sXMLLANG
2025-12-28 14:21:12 TRACE XBeanDebug:209 - Finished loading type system org.apache.xmlbeans.metadata.system.sXMLLANG
2025-12-28 14:21:12 TRACE XBeanDebug:237 - Reading unresolved handles for type system org.apache.xmlbeans.metadata.system.sXMLCONFIG
2025-12-28 14:21:12 TRACE XBeanDebug:209 - Finished loading type system org.apache.xmlbeans.metadata.system.sXMLCONFIG
2025-12-28 14:21:12 TRACE XBeanDebug:237 - Reading unresolved handles for type system org.apache.poi.schemas.ooxml.system.ooxml
2025-12-28 14:21:12 TRACE XBeanDebug:209 - Finished loading type system org.apache.poi.schemas.ooxml.system.ooxml
2025-12-28 14:21:12 TRACE XBeanDebug:946 - Resolving type for handle themefd26doctype
2025-12-28 14:21:12 TRACE XBeanDebug:946 - Resolving type for handle stylesheet5d8bdoctype
2025-12-28 14:21:12 TRACE XBeanDebug:946 - Resolving type for handle ctstylesheet4257type
2025-12-28 14:21:12 TRACE XBeanDebug:946 - Resolving type for handle ctfonts6623type
2025-12-28 14:21:12 TRACE XBeanDebug:946 - Resolving type for handle ctfont14d8type
2025-12-28 14:21:12 TRACE XBeanDebug:946 - Resolving type for handle ctfills2c6ftype
2025-12-28 14:21:12 TRACE XBeanDebug:946 - Resolving type for handle ctfill550ctype
2025-12-28 14:21:12 TRACE XBeanDebug:946 - Resolving type for handle ctborders0d66type
2025-12-28 14:21:12 TRACE XBeanDebug:946 - Resolving type for handle ctborderf935type
2025-12-28 14:21:12 TRACE XBeanDebug:946 - Resolving type for handle ctcellxfs1322type
2025-12-28 14:21:12 TRACE XBeanDebug:946 - Resolving type for handle ctxf97f7type
2025-12-28 14:21:12 TRACE XBeanDebug:946 - Resolving type for handle ctcellstylexfsa81ftype
2025-12-28 14:21:12 TRACE XBeanDebug:946 - Resolving type for handle ctdxfsb26atype
2025-12-28 14:21:12 TRACE XBeanDebug:946 - Resolving type for handle cttablestyles872ftype
2025-12-28 14:21:12 TRACE XBeanDebug:946 - Resolving type for handle sstf81fdoctype
2025-12-28 14:21:12 TRACE XBeanDebug:946 - Resolving type for handle ctsst44f3type
2025-12-28 14:21:12 TRACE XBeanDebug:946 - Resolving type for handle ctrsta472type
2025-12-28 14:21:12 TRACE XBeanDebug:946 - Resolving type for handle workbookec17doctype
2025-12-28 14:21:12 TRACE XBeanDebug:946 - Resolving type for handle ctworkbook83c3type
2025-12-28 14:21:12 TRACE XBeanDebug:946 - Resolving type for handle ctsheets49fdtype
2025-12-28 14:21:12 TRACE XBeanDebug:946 - Resolving type for handle ctsheet4dbetype
2025-12-28 14:21:12 TRACE XBeanDebug:946 - Resolving type for handle strelationshipid1e94type
2025-12-28 14:21:12 TRACE XBeanDebug:946 - Resolving type for handle worksheetf539doctype
2025-12-28 14:21:12 TRACE XBeanDebug:946 - Resolving type for handle ctworksheet530dtype
2025-12-28 14:21:12 TRACE XBeanDebug:946 - Resolving type for handle ctcols627ctype
2025-12-28 14:21:12 TRACE XBeanDebug:946 - Resolving type for handle ctcola95ftype
2025-12-28 14:21:12 TRACE XBeanDebug:946 - Resolving type for handle ctsheetdata8408type
2025-12-28 14:21:12 TRACE XBeanDebug:946 - Resolving type for handle ctrowdd39type
2025-12-28 14:21:12 TRACE XBeanDebug:946 - Resolving type for handle ctcell842btype
2025-12-28 14:21:12 TRACE XBeanDebug:946 - Resolving type for handle stcellrefe4e0type
2025-12-28 14:21:12 TRACE XBeanDebug:946 - Resolving type for handle stcelltypebf95type
2025-12-28 14:21:12 TRACE XBeanDebug:946 - Resolving type for handle stxstringf179type
2025-12-28 14:21:12 TRACE XBeanDebug:946 - Resolving type for handle stcellstylexfid70c7type
2025-12-28 14:21:12 TRACE XBeanDebug:946 - Resolving type for handle stnumfmtid76fbtype
2025-12-28 14:22:06 DEBUG PackageRelationshipCollection:307 - Parsing relationship: /xl/_rels/workbook.xml.rels
2025-12-28 14:22:07 DEBUG PackageRelationshipCollection:307 - Parsing relationship: /_rels/.rels
2025-12-28 14:22:07 TRACE XBeanDebug:199 - Loading type system org.apache.poi.schemas.ooxml.system.ooxml
2025-12-28 14:22:07 TRACE XBeanDebug:199 - Loading type system org.apache.xmlbeans.metadata.system.sXMLCONFIG
2025-12-28 14:22:07 TRACE XBeanDebug:199 - Loading type system org.apache.xmlbeans.metadata.system.sXMLLANG
2025-12-28 14:22:07 TRACE XBeanDebug:199 - Loading type system org.apache.xmlbeans.metadata.system.sXMLSCHEMA
2025-12-28 14:22:07 TRACE XBeanDebug:199 - Loading type system org.apache.xmlbeans.metadata.system.sXMLTOOLS
2025-12-28 14:22:07 TRACE XBeanDebug:237 - Reading unresolved handles for type system org.apache.xmlbeans.metadata.system.sXMLTOOLS
2025-12-28 14:22:07 TRACE XBeanDebug:209 - Finished loading type system org.apache.xmlbeans.metadata.system.sXMLTOOLS
2025-12-28 14:22:07 TRACE XBeanDebug:237 - Reading unresolved handles for type system org.apache.xmlbeans.metadata.system.sXMLSCHEMA
2025-12-28 14:22:07 TRACE XBeanDebug:209 - Finished loading type system org.apache.xmlbeans.metadata.system.sXMLSCHEMA
2025-12-28 14:22:07 TRACE XBeanDebug:237 - Reading unresolved handles for type system org.apache.xmlbeans.metadata.system.sXMLLANG
2025-12-28 14:22:07 TRACE XBeanDebug:209 - Finished loading type system org.apache.xmlbeans.metadata.system.sXMLLANG
2025-12-28 14:22:07 TRACE XBeanDebug:237 - Reading unresolved handles for type system org.apache.xmlbeans.metadata.system.sXMLCONFIG
2025-12-28 14:22:07 TRACE XBeanDebug:209 - Finished loading type system org.apache.xmlbeans.metadata.system.sXMLCONFIG
2025-12-28 14:22:07 TRACE XBeanDebug:237 - Reading unresolved handles for type system org.apache.poi.schemas.ooxml.system.ooxml
2025-12-28 14:22:07 TRACE XBeanDebug:209 - Finished loading type system org.apache.poi.schemas.ooxml.system.ooxml
2025-12-28 14:22:07 TRACE XBeanDebug:946 - Resolving type for handle themefd26doctype
2025-12-28 14:22:07 TRACE XBeanDebug:946 - Resolving type for handle stylesheet5d8bdoctype
2025-12-28 14:22:07 TRACE XBeanDebug:946 - Resolving type for handle ctstylesheet4257type
2025-12-28 14:22:07 TRACE XBeanDebug:946 - Resolving type for handle ctfonts6623type
2025-12-28 14:22:07 TRACE XBeanDebug:946 - Resolving type for handle ctfont14d8type
2025-12-28 14:22:07 TRACE XBeanDebug:946 - Resolving type for handle ctfills2c6ftype
2025-12-28 14:22:07 TRACE XBeanDebug:946 - Resolving type for handle ctfill550ctype
2025-12-28 14:22:07 TRACE XBeanDebug:946 - Resolving type for handle ctborders0d66type
2025-12-28 14:22:07 TRACE XBeanDebug:946 - Resolving type for handle ctborderf935type
2025-12-28 14:22:07 TRACE XBeanDebug:946 - Resolving type for handle ctcellxfs1322type
2025-12-28 14:22:07 TRACE XBeanDebug:946 - Resolving type for handle ctxf97f7type
2025-12-28 14:22:07 TRACE XBeanDebug:946 - Resolving type for handle ctcellstylexfsa81ftype
2025-12-28 14:22:07 TRACE XBeanDebug:946 - Resolving type for handle ctdxfsb26atype
2025-12-28 14:22:07 TRACE XBeanDebug:946 - Resolving type for handle cttablestyles872ftype
2025-12-28 14:22:07 TRACE XBeanDebug:946 - Resolving type for handle sstf81fdoctype
2025-12-28 14:22:07 TRACE XBeanDebug:946 - Resolving type for handle ctsst44f3type
2025-12-28 14:22:07 TRACE XBeanDebug:946 - Resolving type for handle ctrsta472type
2025-12-28 14:22:07 TRACE XBeanDebug:946 - Resolving type for handle workbookec17doctype
2025-12-28 14:22:07 TRACE XBeanDebug:946 - Resolving type for handle ctworkbook83c3type
2025-12-28 14:22:07 TRACE XBeanDebug:946 - Resolving type for handle ctsheets49fdtype
2025-12-28 14:22:07 TRACE XBeanDebug:946 - Resolving type for handle ctsheet4dbetype
2025-12-28 14:22:07 TRACE XBeanDebug:946 - Resolving type for handle strelationshipid1e94type
2025-12-28 14:22:07 TRACE XBeanDebug:946 - Resolving type for handle worksheetf539doctype
2025-12-28 14:22:07 TRACE XBeanDebug:946 - Resolving type for handle ctworksheet530dtype
2025-12-28 14:22:07 TRACE XBeanDebug:946 - Resolving type for handle ctcols627ctype
2025-12-28 14:22:07 TRACE XBeanDebug:946 - Resolving type for handle ctcola95ftype
2025-12-28 14:22:07 TRACE XBeanDebug:946 - Resolving type for handle ctsheetdata8408type
2025-12-28 14:22:07 TRACE XBeanDebug:946 - Resolving type for handle ctrowdd39type
2025-12-28 14:22:07 TRACE XBeanDebug:946 - Resolving type for handle ctcell842btype
2025-12-28 14:22:07 TRACE XBeanDebug:946 - Resolving type for handle stcellrefe4e0type
2025-12-28 14:22:07 TRACE XBeanDebug:946 - Resolving type for handle stcelltypebf95type
2025-12-28 14:22:07 TRACE XBeanDebug:946 - Resolving type for handle stxstringf179type
2025-12-28 14:22:07 TRACE XBeanDebug:946 - Resolving type for handle stcellstylexfid70c7type
2025-12-28 14:22:07 TRACE XBeanDebug:946 - Resolving type for handle stnumfmtid76fbtype
2025-12-28 14:22:26 DEBUG PackageRelationshipCollection:307 - Parsing relationship: /xl/_rels/workbook.xml.rels
2025-12-28 14:22:26 DEBUG PackageRelationshipCollection:307 - Parsing relationship: /_rels/.rels
2025-12-28 14:22:26 TRACE XBeanDebug:199 - Loading type system org.apache.poi.schemas.ooxml.system.ooxml
2025-12-28 14:22:26 TRACE XBeanDebug:199 - Loading type system org.apache.xmlbeans.metadata.system.sXMLCONFIG
2025-12-28 14:22:26 TRACE XBeanDebug:199 - Loading type system org.apache.xmlbeans.metadata.system.sXMLLANG
2025-12-28 14:22:26 TRACE XBeanDebug:199 - Loading type system org.apache.xmlbeans.metadata.system.sXMLSCHEMA
2025-12-28 14:22:26 TRACE XBeanDebug:199 - Loading type system org.apache.xmlbeans.metadata.system.sXMLTOOLS
2025-12-28 14:22:26 TRACE XBeanDebug:237 - Reading unresolved handles for type system org.apache.xmlbeans.metadata.system.sXMLTOOLS
2025-12-28 14:22:26 TRACE XBeanDebug:209 - Finished loading type system org.apache.xmlbeans.metadata.system.sXMLTOOLS
2025-12-28 14:22:26 TRACE XBeanDebug:237 - Reading unresolved handles for type system org.apache.xmlbeans.metadata.system.sXMLSCHEMA
2025-12-28 14:22:26 TRACE XBeanDebug:209 - Finished loading type system org.apache.xmlbeans.metadata.system.sXMLSCHEMA
2025-12-28 14:22:26 TRACE XBeanDebug:237 - Reading unresolved handles for type system org.apache.xmlbeans.metadata.system.sXMLLANG
2025-12-28 14:22:26 TRACE XBeanDebug:209 - Finished loading type system org.apache.xmlbeans.metadata.system.sXMLLANG
2025-12-28 14:22:26 TRACE XBeanDebug:237 - Reading unresolved handles for type system org.apache.xmlbeans.metadata.system.sXMLCONFIG
2025-12-28 14:22:26 TRACE XBeanDebug:209 - Finished loading type system org.apache.xmlbeans.metadata.system.sXMLCONFIG
2025-12-28 14:22:26 TRACE XBeanDebug:237 - Reading unresolved handles for type system org.apache.poi.schemas.ooxml.system.ooxml
2025-12-28 14:22:27 TRACE XBeanDebug:209 - Finished loading type system org.apache.poi.schemas.ooxml.system.ooxml
2025-12-28 14:22:27 TRACE XBeanDebug:946 - Resolving type for handle themefd26doctype
2025-12-28 14:22:27 TRACE XBeanDebug:946 - Resolving type for handle stylesheet5d8bdoctype
2025-12-28 14:22:27 TRACE XBeanDebug:946 - Resolving type for handle ctstylesheet4257type
2025-12-28 14:22:27 TRACE XBeanDebug:946 - Resolving type for handle ctfonts6623type
2025-12-28 14:22:27 TRACE XBeanDebug:946 - Resolving type for handle ctfont14d8type
2025-12-28 14:22:27 TRACE XBeanDebug:946 - Resolving type for handle ctfills2c6ftype
2025-12-28 14:22:27 TRACE XBeanDebug:946 - Resolving type for handle ctfill550ctype
2025-12-28 14:22:27 TRACE XBeanDebug:946 - Resolving type for handle ctborders0d66type
2025-12-28 14:22:27 TRACE XBeanDebug:946 - Resolving type for handle ctborderf935type
2025-12-28 14:22:27 TRACE XBeanDebug:946 - Resolving type for handle ctcellxfs1322type
2025-12-28 14:22:27 TRACE XBeanDebug:946 - Resolving type for handle ctxf97f7type
2025-12-28 14:22:27 TRACE XBeanDebug:946 - Resolving type for handle ctcellstylexfsa81ftype
2025-12-28 14:22:27 TRACE XBeanDebug:946 - Resolving type for handle ctdxfsb26atype
2025-12-28 14:22:27 TRACE XBeanDebug:946 - Resolving type for handle cttablestyles872ftype
2025-12-28 14:22:27 TRACE XBeanDebug:946 - Resolving type for handle sstf81fdoctype
2025-12-28 14:22:27 TRACE XBeanDebug:946 - Resolving type for handle ctsst44f3type
2025-12-28 14:22:27 TRACE XBeanDebug:946 - Resolving type for handle ctrsta472type
2025-12-28 14:22:27 TRACE XBeanDebug:946 - Resolving type for handle workbookec17doctype
2025-12-28 14:22:27 TRACE XBeanDebug:946 - Resolving type for handle ctworkbook83c3type
2025-12-28 14:22:27 TRACE XBeanDebug:946 - Resolving type for handle ctsheets49fdtype
2025-12-28 14:22:27 TRACE XBeanDebug:946 - Resolving type for handle ctsheet4dbetype
2025-12-28 14:22:27 TRACE XBeanDebug:946 - Resolving type for handle strelationshipid1e94type
2025-12-28 14:22:27 TRACE XBeanDebug:946 - Resolving type for handle worksheetf539doctype
2025-12-28 14:22:27 TRACE XBeanDebug:946 - Resolving type for handle ctworksheet530dtype
2025-12-28 14:22:27 TRACE XBeanDebug:946 - Resolving type for handle ctcols627ctype
2025-12-28 14:22:27 TRACE XBeanDebug:946 - Resolving type for handle ctcola95ftype
2025-12-28 14:22:27 TRACE XBeanDebug:946 - Resolving type for handle ctsheetdata8408type
2025-12-28 14:22:27 TRACE XBeanDebug:946 - Resolving type for handle ctrowdd39type
2025-12-28 14:22:27 TRACE XBeanDebug:946 - Resolving type for handle ctcell842btype
2025-12-28 14:22:27 TRACE XBeanDebug:946 - Resolving type for handle stcellrefe4e0type
2025-12-28 14:22:27 TRACE XBeanDebug:946 - Resolving type for handle stcelltypebf95type
2025-12-28 14:22:27 TRACE XBeanDebug:946 - Resolving type for handle stxstringf179type
2025-12-28 14:22:27 TRACE XBeanDebug:946 - Resolving type for handle stcellstylexfid70c7type
2025-12-28 14:22:27 TRACE XBeanDebug:946 - Resolving type for handle stnumfmtid76fbtype
2025-12-28 14:23:09 DEBUG PackageRelationshipCollection:307 - Parsing relationship: /xl/_rels/workbook.xml.rels
2025-12-28 14:23:09 DEBUG PackageRelationshipCollection:307 - Parsing relationship: /_rels/.rels
2025-12-28 14:23:10 TRACE XBeanDebug:199 - Loading type system org.apache.poi.schemas.ooxml.system.ooxml
2025-12-28 14:23:10 TRACE XBeanDebug:199 - Loading type system org.apache.xmlbeans.metadata.system.sXMLCONFIG
2025-12-28 14:23:10 TRACE XBeanDebug:199 - Loading type system org.apache.xmlbeans.metadata.system.sXMLLANG
2025-12-28 14:23:10 TRACE XBeanDebug:199 - Loading type system org.apache.xmlbeans.metadata.system.sXMLSCHEMA
2025-12-28 14:23:10 TRACE XBeanDebug:199 - Loading type system org.apache.xmlbeans.metadata.system.sXMLTOOLS
2025-12-28 14:23:10 TRACE XBeanDebug:237 - Reading unresolved handles for type system org.apache.xmlbeans.metadata.system.sXMLTOOLS
2025-12-28 14:23:10 TRACE XBeanDebug:209 - Finished loading type system org.apache.xmlbeans.metadata.system.sXMLTOOLS
2025-12-28 14:23:10 TRACE XBeanDebug:237 - Reading unresolved handles for type system org.apache.xmlbeans.metadata.system.sXMLSCHEMA
2025-12-28 14:23:10 TRACE XBeanDebug:209 - Finished loading type system org.apache.xmlbeans.metadata.system.sXMLSCHEMA
2025-12-28 14:23:10 TRACE XBeanDebug:237 - Reading unresolved handles for type system org.apache.xmlbeans.metadata.system.sXMLLANG
2025-12-28 14:23:10 TRACE XBeanDebug:209 - Finished loading type system org.apache.xmlbeans.metadata.system.sXMLLANG
2025-12-28 14:23:10 TRACE XBeanDebug:237 - Reading unresolved handles for type system org.apache.xmlbeans.metadata.system.sXMLCONFIG
2025-12-28 14:23:10 TRACE XBeanDebug:209 - Finished loading type system org.apache.xmlbeans.metadata.system.sXMLCONFIG
2025-12-28 14:23:10 TRACE XBeanDebug:237 - Reading unresolved handles for type system org.apache.poi.schemas.ooxml.system.ooxml
2025-12-28 14:23:10 TRACE XBeanDebug:209 - Finished loading type system org.apache.poi.schemas.ooxml.system.ooxml
2025-12-28 14:23:10 TRACE XBeanDebug:946 - Resolving type for handle themefd26doctype
2025-12-28 14:23:10 TRACE XBeanDebug:946 - Resolving type for handle stylesheet5d8bdoctype
2025-12-28 14:23:10 TRACE XBeanDebug:946 - Resolving type for handle ctstylesheet4257type
2025-12-28 14:23:10 TRACE XBeanDebug:946 - Resolving type for handle ctfonts6623type
2025-12-28 14:23:10 TRACE XBeanDebug:946 - Resolving type for handle ctfont14d8type
2025-12-28 14:23:10 TRACE XBeanDebug:946 - Resolving type for handle ctfills2c6ftype
2025-12-28 14:23:10 TRACE XBeanDebug:946 - Resolving type for handle ctfill550ctype
2025-12-28 14:23:10 TRACE XBeanDebug:946 - Resolving type for handle ctborders0d66type
2025-12-28 14:23:10 TRACE XBeanDebug:946 - Resolving type for handle ctborderf935type
2025-12-28 14:23:10 TRACE XBeanDebug:946 - Resolving type for handle ctcellxfs1322type
2025-12-28 14:23:10 TRACE XBeanDebug:946 - Resolving type for handle ctxf97f7type
2025-12-28 14:23:10 TRACE XBeanDebug:946 - Resolving type for handle ctcellstylexfsa81ftype
2025-12-28 14:23:10 TRACE XBeanDebug:946 - Resolving type for handle ctdxfsb26atype
2025-12-28 14:23:10 TRACE XBeanDebug:946 - Resolving type for handle cttablestyles872ftype
2025-12-28 14:23:10 TRACE XBeanDebug:946 - Resolving type for handle sstf81fdoctype
2025-12-28 14:23:10 TRACE XBeanDebug:946 - Resolving type for handle ctsst44f3type
2025-12-28 14:23:10 TRACE XBeanDebug:946 - Resolving type for handle ctrsta472type
2025-12-28 14:23:10 TRACE XBeanDebug:946 - Resolving type for handle workbookec17doctype
2025-12-28 14:23:10 TRACE XBeanDebug:946 - Resolving type for handle ctworkbook83c3type
2025-12-28 14:23:10 TRACE XBeanDebug:946 - Resolving type for handle ctsheets49fdtype
2025-12-28 14:23:10 TRACE XBeanDebug:946 - Resolving type for handle ctsheet4dbetype
2025-12-28 14:23:10 TRACE XBeanDebug:946 - Resolving type for handle strelationshipid1e94type
2025-12-28 14:23:10 TRACE XBeanDebug:946 - Resolving type for handle worksheetf539doctype
2025-12-28 14:23:10 TRACE XBeanDebug:946 - Resolving type for handle ctworksheet530dtype
2025-12-28 14:23:10 TRACE XBeanDebug:946 - Resolving type for handle ctcols627ctype
2025-12-28 14:23:10 TRACE XBeanDebug:946 - Resolving type for handle ctcola95ftype
2025-12-28 14:23:10 TRACE XBeanDebug:946 - Resolving type for handle ctsheetdata8408type
2025-12-28 14:23:10 TRACE XBeanDebug:946 - Resolving type for handle ctrowdd39type
2025-12-28 14:23:10 TRACE XBeanDebug:946 - Resolving type for handle ctcell842btype
2025-12-28 14:23:10 TRACE XBeanDebug:946 - Resolving type for handle stcellrefe4e0type
2025-12-28 14:23:10 TRACE XBeanDebug:946 - Resolving type for handle stcelltypebf95type
2025-12-28 14:23:10 TRACE XBeanDebug:946 - Resolving type for handle stxstringf179type
2025-12-28 14:23:10 TRACE XBeanDebug:946 - Resolving type for handle stcellstylexfid70c7type
2025-12-28 14:23:10 TRACE XBeanDebug:946 - Resolving type for handle stnumfmtid76fbtype
2025-12-28 14:23:37 DEBUG PackageRelationshipCollection:307 - Parsing relationship: /xl/_rels/workbook.xml.rels
2025-12-28 14:23:37 DEBUG PackageRelationshipCollection:307 - Parsing relationship: /_rels/.rels
2025-12-28 14:23:37 TRACE XBeanDebug:199 - Loading type system org.apache.poi.schemas.ooxml.system.ooxml
2025-12-28 14:23:37 TRACE XBeanDebug:199 - Loading type system org.apache.xmlbeans.metadata.system.sXMLCONFIG
2025-12-28 14:23:37 TRACE XBeanDebug:199 - Loading type system org.apache.xmlbeans.metadata.system.sXMLLANG
2025-12-28 14:23:37 TRACE XBeanDebug:199 - Loading type system org.apache.xmlbeans.metadata.system.sXMLSCHEMA
2025-12-28 14:23:37 TRACE XBeanDebug:199 - Loading type system org.apache.xmlbeans.metadata.system.sXMLTOOLS
2025-12-28 14:23:37 TRACE XBeanDebug:237 - Reading unresolved handles for type system org.apache.xmlbeans.metadata.system.sXMLTOOLS
2025-12-28 14:23:37 TRACE XBeanDebug:209 - Finished loading type system org.apache.xmlbeans.metadata.system.sXMLTOOLS
2025-12-28 14:23:37 TRACE XBeanDebug:237 - Reading unresolved handles for type system org.apache.xmlbeans.metadata.system.sXMLSCHEMA
2025-12-28 14:23:37 TRACE XBeanDebug:209 - Finished loading type system org.apache.xmlbeans.metadata.system.sXMLSCHEMA
2025-12-28 14:23:37 TRACE XBeanDebug:237 - Reading unresolved handles for type system org.apache.xmlbeans.metadata.system.sXMLLANG
2025-12-28 14:23:37 TRACE XBeanDebug:209 - Finished loading type system org.apache.xmlbeans.metadata.system.sXMLLANG
2025-12-28 14:23:37 TRACE XBeanDebug:237 - Reading unresolved handles for type system org.apache.xmlbeans.metadata.system.sXMLCONFIG
2025-12-28 14:23:37 TRACE XBeanDebug:209 - Finished loading type system org.apache.xmlbeans.metadata.system.sXMLCONFIG
2025-12-28 14:23:37 TRACE XBeanDebug:237 - Reading unresolved handles for type system org.apache.poi.schemas.ooxml.system.ooxml
2025-12-28 14:23:37 TRACE XBeanDebug:209 - Finished loading type system org.apache.poi.schemas.ooxml.system.ooxml
2025-12-28 14:23:37 TRACE XBeanDebug:946 - Resolving type for handle themefd26doctype
2025-12-28 14:23:37 TRACE XBeanDebug:946 - Resolving type for handle stylesheet5d8bdoctype
2025-12-28 14:23:37 TRACE XBeanDebug:946 - Resolving type for handle ctstylesheet4257type
2025-12-28 14:23:37 TRACE XBeanDebug:946 - Resolving type for handle ctfonts6623type
2025-12-28 14:23:38 TRACE XBeanDebug:946 - Resolving type for handle ctfont14d8type
2025-12-28 14:23:38 TRACE XBeanDebug:946 - Resolving type for handle ctfills2c6ftype
2025-12-28 14:23:38 TRACE XBeanDebug:946 - Resolving type for handle ctfill550ctype
2025-12-28 14:23:38 TRACE XBeanDebug:946 - Resolving type for handle ctborders0d66type
2025-12-28 14:23:38 TRACE XBeanDebug:946 - Resolving type for handle ctborderf935type
2025-12-28 14:23:38 TRACE XBeanDebug:946 - Resolving type for handle ctcellxfs1322type
2025-12-28 14:23:38 TRACE XBeanDebug:946 - Resolving type for handle ctxf97f7type
2025-12-28 14:23:38 TRACE XBeanDebug:946 - Resolving type for handle ctcellstylexfsa81ftype
2025-12-28 14:23:38 TRACE XBeanDebug:946 - Resolving type for handle ctdxfsb26atype
2025-12-28 14:23:38 TRACE XBeanDebug:946 - Resolving type for handle cttablestyles872ftype
2025-12-28 14:23:38 TRACE XBeanDebug:946 - Resolving type for handle sstf81fdoctype
2025-12-28 14:23:38 TRACE XBeanDebug:946 - Resolving type for handle ctsst44f3type
2025-12-28 14:23:38 TRACE XBeanDebug:946 - Resolving type for handle ctrsta472type
2025-12-28 14:23:38 TRACE XBeanDebug:946 - Resolving type for handle workbookec17doctype
2025-12-28 14:23:38 TRACE XBeanDebug:946 - Resolving type for handle ctworkbook83c3type
2025-12-28 14:23:38 TRACE XBeanDebug:946 - Resolving type for handle ctsheets49fdtype
2025-12-28 14:23:38 TRACE XBeanDebug:946 - Resolving type for handle ctsheet4dbetype
2025-12-28 14:23:38 TRACE XBeanDebug:946 - Resolving type for handle strelationshipid1e94type
2025-12-28 14:23:38 TRACE XBeanDebug:946 - Resolving type for handle worksheetf539doctype
2025-12-28 14:23:38 TRACE XBeanDebug:946 - Resolving type for handle ctworksheet530dtype
2025-12-28 14:23:38 TRACE XBeanDebug:946 - Resolving type for handle ctcols627ctype
2025-12-28 14:23:38 TRACE XBeanDebug:946 - Resolving type for handle ctcola95ftype
2025-12-28 14:23:38 TRACE XBeanDebug:946 - Resolving type for handle ctsheetdata8408type
2025-12-28 14:23:38 TRACE XBeanDebug:946 - Resolving type for handle ctrowdd39type
2025-12-28 14:23:38 TRACE XBeanDebug:946 - Resolving type for handle ctcell842btype
2025-12-28 14:23:38 TRACE XBeanDebug:946 - Resolving type for handle stcellrefe4e0type
2025-12-28 14:23:38 TRACE XBeanDebug:946 - Resolving type for handle stcelltypebf95type
2025-12-28 14:23:38 TRACE XBeanDebug:946 - Resolving type for handle stxstringf179type
2025-12-28 14:23:38 TRACE XBeanDebug:946 - Resolving type for handle stcellstylexfid70c7type
2025-12-28 14:23:38 TRACE XBeanDebug:946 - Resolving type for handle stnumfmtid76fbtype
